[2025-08-29T18:49:44.143+0000] {taskinstance.py:1171} INFO - Dependencies all met for <TaskInstance: etl_P2M3_muhammad_al_ghifari.extract scheduled__2025-06-28T02:30:00+00:00 [queued]>
[2025-08-29T18:49:44.291+0000] {taskinstance.py:1171} INFO - Dependencies all met for <TaskInstance: etl_P2M3_muhammad_al_ghifari.extract scheduled__2025-06-28T02:30:00+00:00 [queued]>
[2025-08-29T18:49:44.294+0000] {taskinstance.py:1368} INFO - 
--------------------------------------------------------------------------------
[2025-08-29T18:49:44.297+0000] {taskinstance.py:1369} INFO - Starting attempt 1 of 1
[2025-08-29T18:49:44.298+0000] {taskinstance.py:1370} INFO - 
--------------------------------------------------------------------------------
[2025-08-29T18:49:44.511+0000] {taskinstance.py:1389} INFO - Executing <Task(_PythonDecoratedOperator): extract> on 2025-06-28 02:30:00+00:00
[2025-08-29T18:49:44.612+0000] {standard_task_runner.py:52} INFO - Started process 397 to run task
[2025-08-29T18:49:44.928+0000] {standard_task_runner.py:79} INFO - Running: ['***', 'tasks', 'run', 'etl_P2M3_muhammad_al_ghifari', 'extract', 'scheduled__2025-06-28T02:30:00+00:00', '--job-id', '231', '--raw', '--subdir', 'DAGS_FOLDER/P2M3_muhammad_al_ghifari_DAG.py', '--cfg-path', '/tmp/tmp80ypwhxl', '--error-file', '/tmp/tmpzgjjv48_']
[2025-08-29T18:49:45.200+0000] {standard_task_runner.py:80} INFO - Job 231: Subtask extract
[2025-08-29T18:49:48.319+0000] {task_command.py:371} INFO - Running <TaskInstance: etl_P2M3_muhammad_al_ghifari.extract scheduled__2025-06-28T02:30:00+00:00 [running]> on host b40c5a90b1e4
[2025-08-29T18:49:51.583+0000] {taskinstance.py:1583} INFO - Exporting the following env vars:
AIRFLOW_CTX_DAG_OWNER=Muhammad Al Ghifari
AIRFLOW_CTX_DAG_ID=etl_P2M3_muhammad_al_ghifari
AIRFLOW_CTX_TASK_ID=extract
AIRFLOW_CTX_EXECUTION_DATE=2025-06-28T02:30:00+00:00
AIRFLOW_CTX_TRY_NUMBER=1
AIRFLOW_CTX_DAG_RUN_ID=scheduled__2025-06-28T02:30:00+00:00
[2025-08-29T18:49:52.747+0000] {logging_mixin.py:115} INFO - Success INSERT
[2025-08-29T18:49:53.005+0000] {python.py:173} INFO - Done. Returned value was: None
[2025-08-29T18:49:53.921+0000] {taskinstance.py:1412} INFO - Marking task as SUCCESS. dag_id=etl_P2M3_muhammad_al_ghifari, task_id=extract, execution_date=20250628T023000, start_date=20250829T184944, end_date=20250829T184953
[2025-08-29T18:49:54.492+0000] {local_task_job.py:156} INFO - Task exited with return code 0
[2025-08-29T18:49:56.178+0000] {local_task_job.py:279} INFO - 1 downstream tasks scheduled from follow-on schedule check
