[2025-08-29T18:42:30.495+0000] {taskinstance.py:1171} INFO - Dependencies all met for <TaskInstance: etl_P2M3_muhammad_al_ghifari.extract scheduled__2025-03-29T02:20:00+00:00 [queued]>
[2025-08-29T18:42:30.648+0000] {taskinstance.py:1171} INFO - Dependencies all met for <TaskInstance: etl_P2M3_muhammad_al_ghifari.extract scheduled__2025-03-29T02:20:00+00:00 [queued]>
[2025-08-29T18:42:30.650+0000] {taskinstance.py:1368} INFO - 
--------------------------------------------------------------------------------
[2025-08-29T18:42:30.651+0000] {taskinstance.py:1369} INFO - Starting attempt 1 of 1
[2025-08-29T18:42:30.651+0000] {taskinstance.py:1370} INFO - 
--------------------------------------------------------------------------------
[2025-08-29T18:42:30.976+0000] {taskinstance.py:1389} INFO - Executing <Task(_PythonDecoratedOperator): extract> on 2025-03-29 02:20:00+00:00
[2025-08-29T18:42:31.092+0000] {standard_task_runner.py:52} INFO - Started process 706 to run task
[2025-08-29T18:42:31.333+0000] {standard_task_runner.py:79} INFO - Running: ['***', 'tasks', 'run', 'etl_P2M3_muhammad_al_ghifari', 'extract', 'scheduled__2025-03-29T02:20:00+00:00', '--job-id', '141', '--raw', '--subdir', 'DAGS_FOLDER/P2M3_muhammad_al_ghifari_DAG.py', '--cfg-path', '/tmp/tmpxkb7tucf', '--error-file', '/tmp/tmpaxnya516']
[2025-08-29T18:42:31.365+0000] {standard_task_runner.py:80} INFO - Job 141: Subtask extract
[2025-08-29T18:42:33.705+0000] {task_command.py:371} INFO - Running <TaskInstance: etl_P2M3_muhammad_al_ghifari.extract scheduled__2025-03-29T02:20:00+00:00 [running]> on host 30531155033d
[2025-08-29T18:42:45.612+0000] {taskinstance.py:1583} INFO - Exporting the following env vars:
AIRFLOW_CTX_DAG_OWNER=Muhammad Al Ghifari
AIRFLOW_CTX_DAG_ID=etl_P2M3_muhammad_al_ghifari
AIRFLOW_CTX_TASK_ID=extract
AIRFLOW_CTX_EXECUTION_DATE=2025-03-29T02:20:00+00:00
AIRFLOW_CTX_TRY_NUMBER=1
AIRFLOW_CTX_DAG_RUN_ID=scheduled__2025-03-29T02:20:00+00:00
[2025-08-29T18:42:55.157+0000] {logging_mixin.py:115} INFO - Success INSERT
[2025-08-29T18:42:55.236+0000] {python.py:173} INFO - Done. Returned value was: None
[2025-08-29T18:42:56.219+0000] {taskinstance.py:1412} INFO - Marking task as SUCCESS. dag_id=etl_P2M3_muhammad_al_ghifari, task_id=extract, execution_date=20250329T022000, start_date=20250829T184230, end_date=20250829T184256
[2025-08-29T18:42:56.990+0000] {local_task_job.py:156} INFO - Task exited with return code 0
[2025-08-29T18:42:58.914+0000] {local_task_job.py:279} INFO - 1 downstream tasks scheduled from follow-on schedule check
