[2025-08-29T18:49:04.059+0000] {taskinstance.py:1171} INFO - Dependencies all met for <TaskInstance: etl_P2M3_muhammad_al_ghifari.preprocess_data scheduled__2025-06-07T02:30:00+00:00 [queued]>
[2025-08-29T18:49:04.097+0000] {taskinstance.py:1171} INFO - Dependencies all met for <TaskInstance: etl_P2M3_muhammad_al_ghifari.preprocess_data scheduled__2025-06-07T02:30:00+00:00 [queued]>
[2025-08-29T18:49:04.098+0000] {taskinstance.py:1368} INFO - 
--------------------------------------------------------------------------------
[2025-08-29T18:49:04.099+0000] {taskinstance.py:1369} INFO - Starting attempt 1 of 1
[2025-08-29T18:49:04.099+0000] {taskinstance.py:1370} INFO - 
--------------------------------------------------------------------------------
[2025-08-29T18:49:04.143+0000] {taskinstance.py:1389} INFO - Executing <Task(_PythonDecoratedOperator): preprocess_data> on 2025-06-07 02:30:00+00:00
[2025-08-29T18:49:04.171+0000] {standard_task_runner.py:52} INFO - Started process 347 to run task
[2025-08-29T18:49:04.178+0000] {standard_task_runner.py:79} INFO - Running: ['***', 'tasks', 'run', 'etl_P2M3_muhammad_al_ghifari', 'preprocess_data', 'scheduled__2025-06-07T02:30:00+00:00', '--job-id', '220', '--raw', '--subdir', 'DAGS_FOLDER/P2M3_muhammad_al_ghifari_DAG.py', '--cfg-path', '/tmp/tmpzugdk3h4', '--error-file', '/tmp/tmpgc5jfhw4']
[2025-08-29T18:49:04.181+0000] {standard_task_runner.py:80} INFO - Job 220: Subtask preprocess_data
[2025-08-29T18:49:04.558+0000] {task_command.py:371} INFO - Running <TaskInstance: etl_P2M3_muhammad_al_ghifari.preprocess_data scheduled__2025-06-07T02:30:00+00:00 [running]> on host b40c5a90b1e4
[2025-08-29T18:49:05.722+0000] {taskinstance.py:1583} INFO - Exporting the following env vars:
AIRFLOW_CTX_DAG_OWNER=Muhammad Al Ghifari
AIRFLOW_CTX_DAG_ID=etl_P2M3_muhammad_al_ghifari
AIRFLOW_CTX_TASK_ID=preprocess_data
AIRFLOW_CTX_EXECUTION_DATE=2025-06-07T02:30:00+00:00
AIRFLOW_CTX_TRY_NUMBER=1
AIRFLOW_CTX_DAG_RUN_ID=scheduled__2025-06-07T02:30:00+00:00
[2025-08-29T18:49:06.078+0000] {logging_mixin.py:115} INFO - Preprocessed data is Success
[2025-08-29T18:49:06.158+0000] {logging_mixin.py:115} INFO -    unnamed_0 shipment_id  ... distance_miles transit_days
0          0     SH10000  ...            291            2
1          1     SH10001  ...           1225            3
2          2     SH10002  ...            220            2
3          3     SH10003  ...           1156            9
4          4     SH10004  ...           1017            3

[5 rows x 12 columns]
[2025-08-29T18:49:06.264+0000] {python.py:173} INFO - Done. Returned value was: None
[2025-08-29T18:49:06.395+0000] {taskinstance.py:1412} INFO - Marking task as SUCCESS. dag_id=etl_P2M3_muhammad_al_ghifari, task_id=preprocess_data, execution_date=20250607T023000, start_date=20250829T184904, end_date=20250829T184906
[2025-08-29T18:49:06.521+0000] {local_task_job.py:156} INFO - Task exited with return code 0
[2025-08-29T18:49:06.712+0000] {local_task_job.py:279} INFO - 1 downstream tasks scheduled from follow-on schedule check
