[2025-08-30T13:28:43.510+0000] {taskinstance.py:1171} INFO - Dependencies all met for <TaskInstance: ETL_P2M3_muhammad_al_ghifari.extract manual__2025-08-30T13:28:41.516531+00:00 [queued]>
[2025-08-30T13:28:43.537+0000] {taskinstance.py:1171} INFO - Dependencies all met for <TaskInstance: ETL_P2M3_muhammad_al_ghifari.extract manual__2025-08-30T13:28:41.516531+00:00 [queued]>
[2025-08-30T13:28:43.537+0000] {taskinstance.py:1368} INFO - 
--------------------------------------------------------------------------------
[2025-08-30T13:28:43.537+0000] {taskinstance.py:1369} INFO - Starting attempt 1 of 1
[2025-08-30T13:28:43.538+0000] {taskinstance.py:1370} INFO - 
--------------------------------------------------------------------------------
[2025-08-30T13:28:43.561+0000] {taskinstance.py:1389} INFO - Executing <Task(_PythonDecoratedOperator): extract> on 2025-08-30 13:28:41.516531+00:00
[2025-08-30T13:28:43.572+0000] {standard_task_runner.py:52} INFO - Started process 451 to run task
[2025-08-30T13:28:43.579+0000] {standard_task_runner.py:79} INFO - Running: ['***', 'tasks', 'run', 'ETL_P2M3_muhammad_al_ghifari', 'extract', 'manual__2025-08-30T13:28:41.516531+00:00', '--job-id', '314', '--raw', '--subdir', 'DAGS_FOLDER/P2M3_muhammad_al_ghifari_DAG.py', '--cfg-path', '/tmp/tmp77slo_cd', '--error-file', '/tmp/tmpmtt0ck_x']
[2025-08-30T13:28:43.581+0000] {standard_task_runner.py:80} INFO - Job 314: Subtask extract
[2025-08-30T13:28:43.672+0000] {task_command.py:371} INFO - Running <TaskInstance: ETL_P2M3_muhammad_al_ghifari.extract manual__2025-08-30T13:28:41.516531+00:00 [running]> on host 6d024bb18c43
[2025-08-30T13:28:43.759+0000] {taskinstance.py:1583} INFO - Exporting the following env vars:
AIRFLOW_CTX_DAG_OWNER=Muhammad Al Ghifari
AIRFLOW_CTX_DAG_ID=ETL_P2M3_muhammad_al_ghifari
AIRFLOW_CTX_TASK_ID=extract
AIRFLOW_CTX_EXECUTION_DATE=2025-08-30T13:28:41.516531+00:00
AIRFLOW_CTX_TRY_NUMBER=1
AIRFLOW_CTX_DAG_RUN_ID=manual__2025-08-30T13:28:41.516531+00:00
[2025-08-30T13:28:43.800+0000] {logging_mixin.py:115} INFO - Success INSERT
[2025-08-30T13:28:43.800+0000] {python.py:173} INFO - Done. Returned value was: None
[2025-08-30T13:28:43.819+0000] {taskinstance.py:1412} INFO - Marking task as SUCCESS. dag_id=ETL_P2M3_muhammad_al_ghifari, task_id=extract, execution_date=20250830T132841, start_date=20250830T132843, end_date=20250830T132843
[2025-08-30T13:28:43.837+0000] {local_task_job.py:156} INFO - Task exited with return code 0
[2025-08-30T13:28:43.881+0000] {local_task_job.py:279} INFO - 1 downstream tasks scheduled from follow-on schedule check
