[2025-08-29T18:48:43.821+0000] {taskinstance.py:1171} INFO - Dependencies all met for <TaskInstance: etl_P2M3_muhammad_al_ghifari.extract scheduled__2025-06-07T02:30:00+00:00 [queued]>
[2025-08-29T18:48:44.111+0000] {taskinstance.py:1171} INFO - Dependencies all met for <TaskInstance: etl_P2M3_muhammad_al_ghifari.extract scheduled__2025-06-07T02:30:00+00:00 [queued]>
[2025-08-29T18:48:44.118+0000] {taskinstance.py:1368} INFO - 
--------------------------------------------------------------------------------
[2025-08-29T18:48:44.119+0000] {taskinstance.py:1369} INFO - Starting attempt 1 of 1
[2025-08-29T18:48:44.119+0000] {taskinstance.py:1370} INFO - 
--------------------------------------------------------------------------------
[2025-08-29T18:48:45.147+0000] {taskinstance.py:1389} INFO - Executing <Task(_PythonDecoratedOperator): extract> on 2025-06-07 02:30:00+00:00
[2025-08-29T18:48:47.764+0000] {standard_task_runner.py:52} INFO - Started process 323 to run task
[2025-08-29T18:48:47.931+0000] {standard_task_runner.py:79} INFO - Running: ['***', 'tasks', 'run', 'etl_P2M3_muhammad_al_ghifari', 'extract', 'scheduled__2025-06-07T02:30:00+00:00', '--job-id', '210', '--raw', '--subdir', 'DAGS_FOLDER/P2M3_muhammad_al_ghifari_DAG.py', '--cfg-path', '/tmp/tmpjj5j12f8', '--error-file', '/tmp/tmp8ia28b5q']
[2025-08-29T18:48:48.011+0000] {standard_task_runner.py:80} INFO - Job 210: Subtask extract
[2025-08-29T18:48:53.983+0000] {task_command.py:371} INFO - Running <TaskInstance: etl_P2M3_muhammad_al_ghifari.extract scheduled__2025-06-07T02:30:00+00:00 [running]> on host b40c5a90b1e4
[2025-08-29T18:48:55.324+0000] {taskinstance.py:1583} INFO - Exporting the following env vars:
AIRFLOW_CTX_DAG_OWNER=Muhammad Al Ghifari
AIRFLOW_CTX_DAG_ID=etl_P2M3_muhammad_al_ghifari
AIRFLOW_CTX_TASK_ID=extract
AIRFLOW_CTX_EXECUTION_DATE=2025-06-07T02:30:00+00:00
AIRFLOW_CTX_TRY_NUMBER=1
AIRFLOW_CTX_DAG_RUN_ID=scheduled__2025-06-07T02:30:00+00:00
[2025-08-29T18:48:55.817+0000] {logging_mixin.py:115} INFO - Success INSERT
[2025-08-29T18:48:55.834+0000] {python.py:173} INFO - Done. Returned value was: None
[2025-08-29T18:48:56.172+0000] {taskinstance.py:1412} INFO - Marking task as SUCCESS. dag_id=etl_P2M3_muhammad_al_ghifari, task_id=extract, execution_date=20250607T023000, start_date=20250829T184843, end_date=20250829T184856
[2025-08-29T18:48:56.316+0000] {local_task_job.py:156} INFO - Task exited with return code 0
[2025-08-29T18:48:56.682+0000] {local_task_job.py:279} INFO - 1 downstream tasks scheduled from follow-on schedule check
