[2025-08-29T18:39:59.928+0000] {taskinstance.py:1171} INFO - Dependencies all met for <TaskInstance: etl_P2M3_muhammad_al_ghifari.extract scheduled__2025-01-25T02:20:00+00:00 [queued]>
[2025-08-29T18:39:59.981+0000] {taskinstance.py:1171} INFO - Dependencies all met for <TaskInstance: etl_P2M3_muhammad_al_ghifari.extract scheduled__2025-01-25T02:20:00+00:00 [queued]>
[2025-08-29T18:39:59.987+0000] {taskinstance.py:1368} INFO - 
--------------------------------------------------------------------------------
[2025-08-29T18:39:59.988+0000] {taskinstance.py:1369} INFO - Starting attempt 1 of 1
[2025-08-29T18:39:59.988+0000] {taskinstance.py:1370} INFO - 
--------------------------------------------------------------------------------
[2025-08-29T18:40:00.033+0000] {taskinstance.py:1389} INFO - Executing <Task(_PythonDecoratedOperator): extract> on 2025-01-25 02:20:00+00:00
[2025-08-29T18:40:00.064+0000] {standard_task_runner.py:52} INFO - Started process 483 to run task
[2025-08-29T18:40:00.075+0000] {standard_task_runner.py:79} INFO - Running: ['***', 'tasks', 'run', 'etl_P2M3_muhammad_al_ghifari', 'extract', 'scheduled__2025-01-25T02:20:00+00:00', '--job-id', '75', '--raw', '--subdir', 'DAGS_FOLDER/P2M3_muhammad_al_ghifari_DAG.py', '--cfg-path', '/tmp/tmpczl23xuz', '--error-file', '/tmp/tmpijto05xj']
[2025-08-29T18:40:00.088+0000] {standard_task_runner.py:80} INFO - Job 75: Subtask extract
[2025-08-29T18:40:00.665+0000] {task_command.py:371} INFO - Running <TaskInstance: etl_P2M3_muhammad_al_ghifari.extract scheduled__2025-01-25T02:20:00+00:00 [running]> on host 30531155033d
[2025-08-29T18:40:01.155+0000] {taskinstance.py:1583} INFO - Exporting the following env vars:
AIRFLOW_CTX_DAG_OWNER=Muhammad Al Ghifari
AIRFLOW_CTX_DAG_ID=etl_P2M3_muhammad_al_ghifari
AIRFLOW_CTX_TASK_ID=extract
AIRFLOW_CTX_EXECUTION_DATE=2025-01-25T02:20:00+00:00
AIRFLOW_CTX_TRY_NUMBER=1
AIRFLOW_CTX_DAG_RUN_ID=scheduled__2025-01-25T02:20:00+00:00
[2025-08-29T18:40:01.389+0000] {logging_mixin.py:115} INFO - Success INSERT
[2025-08-29T18:40:01.394+0000] {python.py:173} INFO - Done. Returned value was: None
[2025-08-29T18:40:01.498+0000] {taskinstance.py:1412} INFO - Marking task as SUCCESS. dag_id=etl_P2M3_muhammad_al_ghifari, task_id=extract, execution_date=20250125T022000, start_date=20250829T183959, end_date=20250829T184001
[2025-08-29T18:40:01.585+0000] {local_task_job.py:156} INFO - Task exited with return code 0
[2025-08-29T18:40:01.901+0000] {local_task_job.py:279} INFO - 1 downstream tasks scheduled from follow-on schedule check
