[2025-08-29T18:48:43.263+0000] {taskinstance.py:1171} INFO - Dependencies all met for <TaskInstance: etl_P2M3_muhammad_al_ghifari.extract scheduled__2025-06-14T02:30:00+00:00 [queued]>
[2025-08-29T18:48:44.464+0000] {taskinstance.py:1171} INFO - Dependencies all met for <TaskInstance: etl_P2M3_muhammad_al_ghifari.extract scheduled__2025-06-14T02:30:00+00:00 [queued]>
[2025-08-29T18:48:44.806+0000] {taskinstance.py:1368} INFO - 
--------------------------------------------------------------------------------
[2025-08-29T18:48:44.818+0000] {taskinstance.py:1369} INFO - Starting attempt 1 of 1
[2025-08-29T18:48:44.834+0000] {taskinstance.py:1370} INFO - 
--------------------------------------------------------------------------------
[2025-08-29T18:48:46.862+0000] {taskinstance.py:1389} INFO - Executing <Task(_PythonDecoratedOperator): extract> on 2025-06-14 02:30:00+00:00
[2025-08-29T18:48:47.769+0000] {standard_task_runner.py:52} INFO - Started process 324 to run task
[2025-08-29T18:48:48.091+0000] {standard_task_runner.py:79} INFO - Running: ['***', 'tasks', 'run', 'etl_P2M3_muhammad_al_ghifari', 'extract', 'scheduled__2025-06-14T02:30:00+00:00', '--job-id', '211', '--raw', '--subdir', 'DAGS_FOLDER/P2M3_muhammad_al_ghifari_DAG.py', '--cfg-path', '/tmp/tmpgf99oayf', '--error-file', '/tmp/tmp5pq9agl3']
[2025-08-29T18:48:48.171+0000] {standard_task_runner.py:80} INFO - Job 211: Subtask extract
[2025-08-29T18:48:52.010+0000] {task_command.py:371} INFO - Running <TaskInstance: etl_P2M3_muhammad_al_ghifari.extract scheduled__2025-06-14T02:30:00+00:00 [running]> on host b40c5a90b1e4
[2025-08-29T18:48:55.564+0000] {taskinstance.py:1583} INFO - Exporting the following env vars:
AIRFLOW_CTX_DAG_OWNER=Muhammad Al Ghifari
AIRFLOW_CTX_DAG_ID=etl_P2M3_muhammad_al_ghifari
AIRFLOW_CTX_TASK_ID=extract
AIRFLOW_CTX_EXECUTION_DATE=2025-06-14T02:30:00+00:00
AIRFLOW_CTX_TRY_NUMBER=1
AIRFLOW_CTX_DAG_RUN_ID=scheduled__2025-06-14T02:30:00+00:00
[2025-08-29T18:48:55.988+0000] {logging_mixin.py:115} INFO - Success INSERT
[2025-08-29T18:48:56.002+0000] {python.py:173} INFO - Done. Returned value was: None
[2025-08-29T18:48:56.161+0000] {taskinstance.py:1412} INFO - Marking task as SUCCESS. dag_id=etl_P2M3_muhammad_al_ghifari, task_id=extract, execution_date=20250614T023000, start_date=20250829T184843, end_date=20250829T184856
[2025-08-29T18:48:56.330+0000] {local_task_job.py:156} INFO - Task exited with return code 0
[2025-08-29T18:48:56.682+0000] {local_task_job.py:279} INFO - 1 downstream tasks scheduled from follow-on schedule check
