[2025-08-30T03:35:21.329+0000] {taskinstance.py:1171} INFO - Dependencies all met for <TaskInstance: etl_P2M3_muhammad_al_ghifari.extract scheduled__2025-08-30T02:20:00+00:00 [queued]>
[2025-08-30T03:35:21.344+0000] {taskinstance.py:1171} INFO - Dependencies all met for <TaskInstance: etl_P2M3_muhammad_al_ghifari.extract scheduled__2025-08-30T02:20:00+00:00 [queued]>
[2025-08-30T03:35:21.345+0000] {taskinstance.py:1368} INFO - 
--------------------------------------------------------------------------------
[2025-08-30T03:35:21.345+0000] {taskinstance.py:1369} INFO - Starting attempt 1 of 1
[2025-08-30T03:35:21.347+0000] {taskinstance.py:1370} INFO - 
--------------------------------------------------------------------------------
[2025-08-30T03:35:21.380+0000] {taskinstance.py:1389} INFO - Executing <Task(_PythonDecoratedOperator): extract> on 2025-08-30 02:20:00+00:00
[2025-08-30T03:35:21.403+0000] {standard_task_runner.py:52} INFO - Started process 225 to run task
[2025-08-30T03:35:21.419+0000] {standard_task_runner.py:79} INFO - Running: ['***', 'tasks', 'run', 'etl_P2M3_muhammad_al_ghifari', 'extract', 'scheduled__2025-08-30T02:20:00+00:00', '--job-id', '285', '--raw', '--subdir', 'DAGS_FOLDER/P2M3_muhammad_al_ghifari_DAG.py', '--cfg-path', '/tmp/tmpl28379jx', '--error-file', '/tmp/tmp8tyijypw']
[2025-08-30T03:35:21.422+0000] {standard_task_runner.py:80} INFO - Job 285: Subtask extract
[2025-08-30T03:35:21.569+0000] {task_command.py:371} INFO - Running <TaskInstance: etl_P2M3_muhammad_al_ghifari.extract scheduled__2025-08-30T02:20:00+00:00 [running]> on host 17bf1ffece81
[2025-08-30T03:35:21.696+0000] {taskinstance.py:1583} INFO - Exporting the following env vars:
AIRFLOW_CTX_DAG_OWNER=Muhammad Al Ghifari
AIRFLOW_CTX_DAG_ID=etl_P2M3_muhammad_al_ghifari
AIRFLOW_CTX_TASK_ID=extract
AIRFLOW_CTX_EXECUTION_DATE=2025-08-30T02:20:00+00:00
AIRFLOW_CTX_TRY_NUMBER=1
AIRFLOW_CTX_DAG_RUN_ID=scheduled__2025-08-30T02:20:00+00:00
[2025-08-30T03:35:21.801+0000] {logging_mixin.py:115} INFO - Success INSERT
[2025-08-30T03:35:21.804+0000] {python.py:173} INFO - Done. Returned value was: None
[2025-08-30T03:35:21.862+0000] {taskinstance.py:1412} INFO - Marking task as SUCCESS. dag_id=etl_P2M3_muhammad_al_ghifari, task_id=extract, execution_date=20250830T022000, start_date=20250830T033521, end_date=20250830T033521
[2025-08-30T03:35:21.948+0000] {local_task_job.py:156} INFO - Task exited with return code 0
[2025-08-30T03:35:22.099+0000] {local_task_job.py:279} INFO - 1 downstream tasks scheduled from follow-on schedule check
[2025-08-30T06:12:47.244+0000] {taskinstance.py:1171} INFO - Dependencies all met for <TaskInstance: etl_P2M3_muhammad_al_ghifari.extract scheduled__2025-08-30T02:20:00+00:00 [queued]>
[2025-08-30T06:12:47.258+0000] {taskinstance.py:1171} INFO - Dependencies all met for <TaskInstance: etl_P2M3_muhammad_al_ghifari.extract scheduled__2025-08-30T02:20:00+00:00 [queued]>
[2025-08-30T06:12:47.258+0000] {taskinstance.py:1368} INFO - 
--------------------------------------------------------------------------------
[2025-08-30T06:12:47.258+0000] {taskinstance.py:1369} INFO - Starting attempt 1 of 1
[2025-08-30T06:12:47.258+0000] {taskinstance.py:1370} INFO - 
--------------------------------------------------------------------------------
[2025-08-30T06:12:47.266+0000] {taskinstance.py:1389} INFO - Executing <Task(_PythonDecoratedOperator): extract> on 2025-08-30 02:20:00+00:00
[2025-08-30T06:12:47.272+0000] {standard_task_runner.py:52} INFO - Started process 217 to run task
[2025-08-30T06:12:47.276+0000] {standard_task_runner.py:79} INFO - Running: ['***', 'tasks', 'run', 'etl_P2M3_muhammad_al_ghifari', 'extract', 'scheduled__2025-08-30T02:20:00+00:00', '--job-id', '294', '--raw', '--subdir', 'DAGS_FOLDER/P2M3_muhammad_al_ghifari_DAG.py', '--cfg-path', '/tmp/tmplcc6iq7v', '--error-file', '/tmp/tmpjjsykitj']
[2025-08-30T06:12:47.279+0000] {standard_task_runner.py:80} INFO - Job 294: Subtask extract
[2025-08-30T06:12:47.391+0000] {task_command.py:371} INFO - Running <TaskInstance: etl_P2M3_muhammad_al_ghifari.extract scheduled__2025-08-30T02:20:00+00:00 [running]> on host 5d6b1c2cab16
[2025-08-30T06:12:47.473+0000] {taskinstance.py:1583} INFO - Exporting the following env vars:
AIRFLOW_CTX_DAG_OWNER=Muhammad Al Ghifari
AIRFLOW_CTX_DAG_ID=etl_P2M3_muhammad_al_ghifari
AIRFLOW_CTX_TASK_ID=extract
AIRFLOW_CTX_EXECUTION_DATE=2025-08-30T02:20:00+00:00
AIRFLOW_CTX_TRY_NUMBER=1
AIRFLOW_CTX_DAG_RUN_ID=scheduled__2025-08-30T02:20:00+00:00
[2025-08-30T06:12:47.541+0000] {logging_mixin.py:115} INFO - Success INSERT
[2025-08-30T06:12:47.542+0000] {python.py:173} INFO - Done. Returned value was: None
[2025-08-30T06:12:47.553+0000] {taskinstance.py:1412} INFO - Marking task as SUCCESS. dag_id=etl_P2M3_muhammad_al_ghifari, task_id=extract, execution_date=20250830T022000, start_date=20250830T061247, end_date=20250830T061247
[2025-08-30T06:12:47.583+0000] {local_task_job.py:156} INFO - Task exited with return code 0
[2025-08-30T06:12:47.639+0000] {local_task_job.py:279} INFO - 1 downstream tasks scheduled from follow-on schedule check
[2025-08-30T13:28:35.635+0000] {taskinstance.py:1171} INFO - Dependencies all met for <TaskInstance: ETL_P2M3_muhammad_al_ghifari.extract scheduled__2025-08-30T02:20:00+00:00 [queued]>
[2025-08-30T13:28:35.641+0000] {taskinstance.py:1171} INFO - Dependencies all met for <TaskInstance: ETL_P2M3_muhammad_al_ghifari.extract scheduled__2025-08-30T02:20:00+00:00 [queued]>
[2025-08-30T13:28:35.641+0000] {taskinstance.py:1368} INFO - 
--------------------------------------------------------------------------------
[2025-08-30T13:28:35.641+0000] {taskinstance.py:1369} INFO - Starting attempt 1 of 1
[2025-08-30T13:28:35.641+0000] {taskinstance.py:1370} INFO - 
--------------------------------------------------------------------------------
[2025-08-30T13:28:35.648+0000] {taskinstance.py:1389} INFO - Executing <Task(_PythonDecoratedOperator): extract> on 2025-08-30 02:20:00+00:00
[2025-08-30T13:28:35.658+0000] {standard_task_runner.py:52} INFO - Started process 442 to run task
[2025-08-30T13:28:35.661+0000] {standard_task_runner.py:79} INFO - Running: ['***', 'tasks', 'run', 'ETL_P2M3_muhammad_al_ghifari', 'extract', 'scheduled__2025-08-30T02:20:00+00:00', '--job-id', '311', '--raw', '--subdir', 'DAGS_FOLDER/P2M3_muhammad_al_ghifari_DAG.py', '--cfg-path', '/tmp/tmple546zo5', '--error-file', '/tmp/tmpy4lb0_ou']
[2025-08-30T13:28:35.662+0000] {standard_task_runner.py:80} INFO - Job 311: Subtask extract
[2025-08-30T13:28:35.747+0000] {task_command.py:371} INFO - Running <TaskInstance: ETL_P2M3_muhammad_al_ghifari.extract scheduled__2025-08-30T02:20:00+00:00 [running]> on host 6d024bb18c43
[2025-08-30T13:28:35.798+0000] {taskinstance.py:1583} INFO - Exporting the following env vars:
AIRFLOW_CTX_DAG_OWNER=Muhammad Al Ghifari
AIRFLOW_CTX_DAG_ID=ETL_P2M3_muhammad_al_ghifari
AIRFLOW_CTX_TASK_ID=extract
AIRFLOW_CTX_EXECUTION_DATE=2025-08-30T02:20:00+00:00
AIRFLOW_CTX_TRY_NUMBER=1
AIRFLOW_CTX_DAG_RUN_ID=scheduled__2025-08-30T02:20:00+00:00
[2025-08-30T13:28:35.847+0000] {logging_mixin.py:115} INFO - Success INSERT
[2025-08-30T13:28:35.848+0000] {python.py:173} INFO - Done. Returned value was: None
[2025-08-30T13:28:35.863+0000] {taskinstance.py:1412} INFO - Marking task as SUCCESS. dag_id=ETL_P2M3_muhammad_al_ghifari, task_id=extract, execution_date=20250830T022000, start_date=20250830T132835, end_date=20250830T132835
[2025-08-30T13:28:35.881+0000] {local_task_job.py:156} INFO - Task exited with return code 0
[2025-08-30T13:28:35.908+0000] {local_task_job.py:279} INFO - 1 downstream tasks scheduled from follow-on schedule check
