[2025-08-29T18:40:48.548+0000] {taskinstance.py:1171} INFO - Dependencies all met for <TaskInstance: etl_P2M3_muhammad_al_ghifari.preprocess_data scheduled__2025-02-08T02:30:00+00:00 [queued]>
[2025-08-29T18:40:49.128+0000] {taskinstance.py:1171} INFO - Dependencies all met for <TaskInstance: etl_P2M3_muhammad_al_ghifari.preprocess_data scheduled__2025-02-08T02:30:00+00:00 [queued]>
[2025-08-29T18:40:49.171+0000] {taskinstance.py:1368} INFO - 
--------------------------------------------------------------------------------
[2025-08-29T18:40:49.176+0000] {taskinstance.py:1369} INFO - Starting attempt 1 of 1
[2025-08-29T18:40:49.184+0000] {taskinstance.py:1370} INFO - 
--------------------------------------------------------------------------------
[2025-08-29T18:40:50.092+0000] {taskinstance.py:1389} INFO - Executing <Task(_PythonDecoratedOperator): preprocess_data> on 2025-02-08 02:30:00+00:00
[2025-08-29T18:40:50.207+0000] {standard_task_runner.py:52} INFO - Started process 608 to run task
[2025-08-29T18:40:50.249+0000] {standard_task_runner.py:79} INFO - Running: ['***', 'tasks', 'run', 'etl_P2M3_muhammad_al_ghifari', 'preprocess_data', 'scheduled__2025-02-08T02:30:00+00:00', '--job-id', '105', '--raw', '--subdir', 'DAGS_FOLDER/P2M3_muhammad_al_ghifari_DAG.py', '--cfg-path', '/tmp/tmpdmfgl6f_', '--error-file', '/tmp/tmpz0wouc6y']
[2025-08-29T18:40:50.292+0000] {standard_task_runner.py:80} INFO - Job 105: Subtask preprocess_data
[2025-08-29T18:40:54.574+0000] {task_command.py:371} INFO - Running <TaskInstance: etl_P2M3_muhammad_al_ghifari.preprocess_data scheduled__2025-02-08T02:30:00+00:00 [running]> on host 30531155033d
[2025-08-29T18:41:01.953+0000] {taskinstance.py:1583} INFO - Exporting the following env vars:
AIRFLOW_CTX_DAG_OWNER=Muhammad Al Ghifari
AIRFLOW_CTX_DAG_ID=etl_P2M3_muhammad_al_ghifari
AIRFLOW_CTX_TASK_ID=preprocess_data
AIRFLOW_CTX_EXECUTION_DATE=2025-02-08T02:30:00+00:00
AIRFLOW_CTX_TRY_NUMBER=1
AIRFLOW_CTX_DAG_RUN_ID=scheduled__2025-02-08T02:30:00+00:00
[2025-08-29T18:41:03.677+0000] {logging_mixin.py:115} INFO - Preprocessed data is Success
[2025-08-29T18:41:03.835+0000] {logging_mixin.py:115} INFO -    unnamed_0 shipment_id  ... distance_miles transit_days
0          0     SH10000  ...            291            2
1          1     SH10001  ...           1225            3
2          2     SH10002  ...            220            2
3          3     SH10003  ...           1156            9
4          4     SH10004  ...           1017            3

[5 rows x 12 columns]
[2025-08-29T18:41:04.068+0000] {python.py:173} INFO - Done. Returned value was: None
[2025-08-29T18:41:04.423+0000] {taskinstance.py:1412} INFO - Marking task as SUCCESS. dag_id=etl_P2M3_muhammad_al_ghifari, task_id=preprocess_data, execution_date=20250208T023000, start_date=20250829T184048, end_date=20250829T184104
[2025-08-29T18:41:04.746+0000] {local_task_job.py:156} INFO - Task exited with return code 0
[2025-08-29T18:41:06.484+0000] {local_task_job.py:279} INFO - 0 downstream tasks scheduled from follow-on schedule check
