[2025-08-29T18:42:30.379+0000] {taskinstance.py:1171} INFO - Dependencies all met for <TaskInstance: etl_P2M3_muhammad_al_ghifari.extract scheduled__2025-03-29T02:30:00+00:00 [queued]>
[2025-08-29T18:42:30.885+0000] {taskinstance.py:1171} INFO - Dependencies all met for <TaskInstance: etl_P2M3_muhammad_al_ghifari.extract scheduled__2025-03-29T02:30:00+00:00 [queued]>
[2025-08-29T18:42:30.921+0000] {taskinstance.py:1368} INFO - 
--------------------------------------------------------------------------------
[2025-08-29T18:42:30.929+0000] {taskinstance.py:1369} INFO - Starting attempt 1 of 1
[2025-08-29T18:42:30.934+0000] {taskinstance.py:1370} INFO - 
--------------------------------------------------------------------------------
[2025-08-29T18:42:31.190+0000] {taskinstance.py:1389} INFO - Executing <Task(_PythonDecoratedOperator): extract> on 2025-03-29 02:30:00+00:00
[2025-08-29T18:42:31.384+0000] {standard_task_runner.py:52} INFO - Started process 712 to run task
[2025-08-29T18:42:31.514+0000] {standard_task_runner.py:79} INFO - Running: ['***', 'tasks', 'run', 'etl_P2M3_muhammad_al_ghifari', 'extract', 'scheduled__2025-03-29T02:30:00+00:00', '--job-id', '142', '--raw', '--subdir', 'DAGS_FOLDER/P2M3_muhammad_al_ghifari_DAG.py', '--cfg-path', '/tmp/tmpytag9ymq', '--error-file', '/tmp/tmpb2sd80zt']
[2025-08-29T18:42:31.695+0000] {standard_task_runner.py:80} INFO - Job 142: Subtask extract
[2025-08-29T18:42:34.001+0000] {task_command.py:371} INFO - Running <TaskInstance: etl_P2M3_muhammad_al_ghifari.extract scheduled__2025-03-29T02:30:00+00:00 [running]> on host 30531155033d
[2025-08-29T18:42:51.602+0000] {taskinstance.py:1583} INFO - Exporting the following env vars:
AIRFLOW_CTX_DAG_OWNER=Muhammad Al Ghifari
AIRFLOW_CTX_DAG_ID=etl_P2M3_muhammad_al_ghifari
AIRFLOW_CTX_TASK_ID=extract
AIRFLOW_CTX_EXECUTION_DATE=2025-03-29T02:30:00+00:00
AIRFLOW_CTX_TRY_NUMBER=1
AIRFLOW_CTX_DAG_RUN_ID=scheduled__2025-03-29T02:30:00+00:00
[2025-08-29T18:42:55.498+0000] {logging_mixin.py:115} INFO - Success INSERT
[2025-08-29T18:42:55.727+0000] {python.py:173} INFO - Done. Returned value was: None
[2025-08-29T18:42:57.517+0000] {taskinstance.py:1412} INFO - Marking task as SUCCESS. dag_id=etl_P2M3_muhammad_al_ghifari, task_id=extract, execution_date=20250329T023000, start_date=20250829T184230, end_date=20250829T184257
[2025-08-29T18:42:58.141+0000] {local_task_job.py:156} INFO - Task exited with return code 0
[2025-08-29T18:43:00.092+0000] {local_task_job.py:279} INFO - 0 downstream tasks scheduled from follow-on schedule check
