[2025-08-29T18:49:44.443+0000] {taskinstance.py:1171} INFO - Dependencies all met for <TaskInstance: etl_P2M3_muhammad_al_ghifari.extract scheduled__2025-07-05T02:10:00+00:00 [queued]>
[2025-08-29T18:49:44.524+0000] {taskinstance.py:1171} INFO - Dependencies all met for <TaskInstance: etl_P2M3_muhammad_al_ghifari.extract scheduled__2025-07-05T02:10:00+00:00 [queued]>
[2025-08-29T18:49:44.525+0000] {taskinstance.py:1368} INFO - 
--------------------------------------------------------------------------------
[2025-08-29T18:49:44.525+0000] {taskinstance.py:1369} INFO - Starting attempt 1 of 1
[2025-08-29T18:49:44.526+0000] {taskinstance.py:1370} INFO - 
--------------------------------------------------------------------------------
[2025-08-29T18:49:44.634+0000] {taskinstance.py:1389} INFO - Executing <Task(_PythonDecoratedOperator): extract> on 2025-07-05 02:10:00+00:00
[2025-08-29T18:49:44.682+0000] {standard_task_runner.py:52} INFO - Started process 399 to run task
[2025-08-29T18:49:44.973+0000] {standard_task_runner.py:79} INFO - Running: ['***', 'tasks', 'run', 'etl_P2M3_muhammad_al_ghifari', 'extract', 'scheduled__2025-07-05T02:10:00+00:00', '--job-id', '232', '--raw', '--subdir', 'DAGS_FOLDER/P2M3_muhammad_al_ghifari_DAG.py', '--cfg-path', '/tmp/tmpk68q412y', '--error-file', '/tmp/tmpzf1077ty']
[2025-08-29T18:49:45.235+0000] {standard_task_runner.py:80} INFO - Job 232: Subtask extract
[2025-08-29T18:49:47.710+0000] {task_command.py:371} INFO - Running <TaskInstance: etl_P2M3_muhammad_al_ghifari.extract scheduled__2025-07-05T02:10:00+00:00 [running]> on host b40c5a90b1e4
[2025-08-29T18:49:50.304+0000] {taskinstance.py:1583} INFO - Exporting the following env vars:
AIRFLOW_CTX_DAG_OWNER=Muhammad Al Ghifari
AIRFLOW_CTX_DAG_ID=etl_P2M3_muhammad_al_ghifari
AIRFLOW_CTX_TASK_ID=extract
AIRFLOW_CTX_EXECUTION_DATE=2025-07-05T02:10:00+00:00
AIRFLOW_CTX_TRY_NUMBER=1
AIRFLOW_CTX_DAG_RUN_ID=scheduled__2025-07-05T02:10:00+00:00
[2025-08-29T18:49:51.699+0000] {logging_mixin.py:115} INFO - Success INSERT
[2025-08-29T18:49:51.783+0000] {python.py:173} INFO - Done. Returned value was: None
[2025-08-29T18:49:52.917+0000] {taskinstance.py:1412} INFO - Marking task as SUCCESS. dag_id=etl_P2M3_muhammad_al_ghifari, task_id=extract, execution_date=20250705T021000, start_date=20250829T184944, end_date=20250829T184952
[2025-08-29T18:49:54.048+0000] {local_task_job.py:156} INFO - Task exited with return code 0
[2025-08-29T18:49:56.490+0000] {local_task_job.py:279} INFO - 0 downstream tasks scheduled from follow-on schedule check
