[2025-08-29T18:40:05.958+0000] {taskinstance.py:1171} INFO - Dependencies all met for <TaskInstance: etl_P2M3_muhammad_al_ghifari.extract scheduled__2025-02-08T02:10:00+00:00 [queued]>
[2025-08-29T18:40:06.047+0000] {taskinstance.py:1171} INFO - Dependencies all met for <TaskInstance: etl_P2M3_muhammad_al_ghifari.extract scheduled__2025-02-08T02:10:00+00:00 [queued]>
[2025-08-29T18:40:06.048+0000] {taskinstance.py:1368} INFO - 
--------------------------------------------------------------------------------
[2025-08-29T18:40:06.054+0000] {taskinstance.py:1369} INFO - Starting attempt 1 of 1
[2025-08-29T18:40:06.056+0000] {taskinstance.py:1370} INFO - 
--------------------------------------------------------------------------------
[2025-08-29T18:40:06.120+0000] {taskinstance.py:1389} INFO - Executing <Task(_PythonDecoratedOperator): extract> on 2025-02-08 02:10:00+00:00
[2025-08-29T18:40:06.151+0000] {standard_task_runner.py:52} INFO - Started process 514 to run task
[2025-08-29T18:40:06.189+0000] {standard_task_runner.py:79} INFO - Running: ['***', 'tasks', 'run', 'etl_P2M3_muhammad_al_ghifari', 'extract', 'scheduled__2025-02-08T02:10:00+00:00', '--job-id', '86', '--raw', '--subdir', 'DAGS_FOLDER/P2M3_muhammad_al_ghifari_DAG.py', '--cfg-path', '/tmp/tmpi0_ee6wc', '--error-file', '/tmp/tmp3ydjftnm']
[2025-08-29T18:40:06.197+0000] {standard_task_runner.py:80} INFO - Job 86: Subtask extract
[2025-08-29T18:40:06.640+0000] {task_command.py:371} INFO - Running <TaskInstance: etl_P2M3_muhammad_al_ghifari.extract scheduled__2025-02-08T02:10:00+00:00 [running]> on host 30531155033d
[2025-08-29T18:40:07.392+0000] {taskinstance.py:1583} INFO - Exporting the following env vars:
AIRFLOW_CTX_DAG_OWNER=Muhammad Al Ghifari
AIRFLOW_CTX_DAG_ID=etl_P2M3_muhammad_al_ghifari
AIRFLOW_CTX_TASK_ID=extract
AIRFLOW_CTX_EXECUTION_DATE=2025-02-08T02:10:00+00:00
AIRFLOW_CTX_TRY_NUMBER=1
AIRFLOW_CTX_DAG_RUN_ID=scheduled__2025-02-08T02:10:00+00:00
[2025-08-29T18:40:07.594+0000] {logging_mixin.py:115} INFO - Success INSERT
[2025-08-29T18:40:07.597+0000] {python.py:173} INFO - Done. Returned value was: None
[2025-08-29T18:40:07.703+0000] {taskinstance.py:1412} INFO - Marking task as SUCCESS. dag_id=etl_P2M3_muhammad_al_ghifari, task_id=extract, execution_date=20250208T021000, start_date=20250829T184005, end_date=20250829T184007
[2025-08-29T18:40:07.803+0000] {local_task_job.py:156} INFO - Task exited with return code 0
[2025-08-29T18:40:07.961+0000] {local_task_job.py:279} INFO - 1 downstream tasks scheduled from follow-on schedule check
