[2025-08-29T18:41:07.992+0000] {taskinstance.py:1171} INFO - Dependencies all met for <TaskInstance: etl_P2M3_muhammad_al_ghifari.preprocess_data scheduled__2025-03-01T02:10:00+00:00 [queued]>
[2025-08-29T18:41:08.164+0000] {taskinstance.py:1171} INFO - Dependencies all met for <TaskInstance: etl_P2M3_muhammad_al_ghifari.preprocess_data scheduled__2025-03-01T02:10:00+00:00 [queued]>
[2025-08-29T18:41:08.165+0000] {taskinstance.py:1368} INFO - 
--------------------------------------------------------------------------------
[2025-08-29T18:41:08.165+0000] {taskinstance.py:1369} INFO - Starting attempt 1 of 1
[2025-08-29T18:41:08.169+0000] {taskinstance.py:1370} INFO - 
--------------------------------------------------------------------------------
[2025-08-29T18:41:08.425+0000] {taskinstance.py:1389} INFO - Executing <Task(_PythonDecoratedOperator): preprocess_data> on 2025-03-01 02:10:00+00:00
[2025-08-29T18:41:08.468+0000] {standard_task_runner.py:52} INFO - Started process 622 to run task
[2025-08-29T18:41:08.613+0000] {standard_task_runner.py:79} INFO - Running: ['***', 'tasks', 'run', 'etl_P2M3_muhammad_al_ghifari', 'preprocess_data', 'scheduled__2025-03-01T02:10:00+00:00', '--job-id', '115', '--raw', '--subdir', 'DAGS_FOLDER/P2M3_muhammad_al_ghifari_DAG.py', '--cfg-path', '/tmp/tmpaw1a8k87', '--error-file', '/tmp/tmp8wxhuoim']
[2025-08-29T18:41:08.650+0000] {standard_task_runner.py:80} INFO - Job 115: Subtask preprocess_data
[2025-08-29T18:41:10.367+0000] {task_command.py:371} INFO - Running <TaskInstance: etl_P2M3_muhammad_al_ghifari.preprocess_data scheduled__2025-03-01T02:10:00+00:00 [running]> on host 30531155033d
[2025-08-29T18:41:12.340+0000] {taskinstance.py:1583} INFO - Exporting the following env vars:
AIRFLOW_CTX_DAG_OWNER=Muhammad Al Ghifari
AIRFLOW_CTX_DAG_ID=etl_P2M3_muhammad_al_ghifari
AIRFLOW_CTX_TASK_ID=preprocess_data
AIRFLOW_CTX_EXECUTION_DATE=2025-03-01T02:10:00+00:00
AIRFLOW_CTX_TRY_NUMBER=1
AIRFLOW_CTX_DAG_RUN_ID=scheduled__2025-03-01T02:10:00+00:00
[2025-08-29T18:41:14.988+0000] {logging_mixin.py:115} INFO - Preprocessed data is Success
[2025-08-29T18:41:15.312+0000] {logging_mixin.py:115} INFO -    unnamed_0 shipment_id  ... distance_miles transit_days
0          0     SH10000  ...            291            2
1          1     SH10001  ...           1225            3
2          2     SH10002  ...            220            2
3          3     SH10003  ...           1156            9
4          4     SH10004  ...           1017            3

[5 rows x 12 columns]
[2025-08-29T18:41:15.645+0000] {python.py:173} INFO - Done. Returned value was: None
[2025-08-29T18:41:18.933+0000] {taskinstance.py:1412} INFO - Marking task as SUCCESS. dag_id=etl_P2M3_muhammad_al_ghifari, task_id=preprocess_data, execution_date=20250301T021000, start_date=20250829T184108, end_date=20250829T184118
[2025-08-29T18:41:25.076+0000] {local_task_job.py:156} INFO - Task exited with return code 0
[2025-08-29T18:41:27.347+0000] {local_task_job.py:279} INFO - 0 downstream tasks scheduled from follow-on schedule check
