[2025-08-29T18:40:27.057+0000] {taskinstance.py:1171} INFO - Dependencies all met for <TaskInstance: etl_P2M3_muhammad_al_ghifari.extract scheduled__2025-02-22T02:30:00+00:00 [queued]>
[2025-08-29T18:40:27.132+0000] {taskinstance.py:1171} INFO - Dependencies all met for <TaskInstance: etl_P2M3_muhammad_al_ghifari.extract scheduled__2025-02-22T02:30:00+00:00 [queued]>
[2025-08-29T18:40:27.140+0000] {taskinstance.py:1368} INFO - 
--------------------------------------------------------------------------------
[2025-08-29T18:40:27.145+0000] {taskinstance.py:1369} INFO - Starting attempt 1 of 1
[2025-08-29T18:40:27.149+0000] {taskinstance.py:1370} INFO - 
--------------------------------------------------------------------------------
[2025-08-29T18:40:28.094+0000] {taskinstance.py:1389} INFO - Executing <Task(_PythonDecoratedOperator): extract> on 2025-02-22 02:30:00+00:00
[2025-08-29T18:40:28.565+0000] {standard_task_runner.py:52} INFO - Started process 574 to run task
[2025-08-29T18:40:28.645+0000] {standard_task_runner.py:79} INFO - Running: ['***', 'tasks', 'run', 'etl_P2M3_muhammad_al_ghifari', 'extract', 'scheduled__2025-02-22T02:30:00+00:00', '--job-id', '102', '--raw', '--subdir', 'DAGS_FOLDER/P2M3_muhammad_al_ghifari_DAG.py', '--cfg-path', '/tmp/tmpgvq_kwm8', '--error-file', '/tmp/tmpx0wkrku2']
[2025-08-29T18:40:28.673+0000] {standard_task_runner.py:80} INFO - Job 102: Subtask extract
[2025-08-29T18:40:29.749+0000] {task_command.py:371} INFO - Running <TaskInstance: etl_P2M3_muhammad_al_ghifari.extract scheduled__2025-02-22T02:30:00+00:00 [running]> on host 30531155033d
[2025-08-29T18:40:32.166+0000] {taskinstance.py:1583} INFO - Exporting the following env vars:
AIRFLOW_CTX_DAG_OWNER=Muhammad Al Ghifari
AIRFLOW_CTX_DAG_ID=etl_P2M3_muhammad_al_ghifari
AIRFLOW_CTX_TASK_ID=extract
AIRFLOW_CTX_EXECUTION_DATE=2025-02-22T02:30:00+00:00
AIRFLOW_CTX_TRY_NUMBER=1
AIRFLOW_CTX_DAG_RUN_ID=scheduled__2025-02-22T02:30:00+00:00
[2025-08-29T18:40:32.850+0000] {logging_mixin.py:115} INFO - Success INSERT
[2025-08-29T18:40:32.962+0000] {python.py:173} INFO - Done. Returned value was: None
[2025-08-29T18:40:33.892+0000] {taskinstance.py:1412} INFO - Marking task as SUCCESS. dag_id=etl_P2M3_muhammad_al_ghifari, task_id=extract, execution_date=20250222T023000, start_date=20250829T184027, end_date=20250829T184033
[2025-08-29T18:40:34.992+0000] {local_task_job.py:227} WARNING - State of this instance has been externally set to success. Terminating instance.
