[2025-08-29T18:38:26.066+0000] {taskinstance.py:1171} INFO - Dependencies all met for <TaskInstance: etl_P2M3_muhammad_al_ghifari.extract scheduled__2024-11-30T02:20:00+00:00 [queued]>
[2025-08-29T18:38:26.111+0000] {taskinstance.py:1171} INFO - Dependencies all met for <TaskInstance: etl_P2M3_muhammad_al_ghifari.extract scheduled__2024-11-30T02:20:00+00:00 [queued]>
[2025-08-29T18:38:26.114+0000] {taskinstance.py:1368} INFO - 
--------------------------------------------------------------------------------
[2025-08-29T18:38:26.115+0000] {taskinstance.py:1369} INFO - Starting attempt 1 of 1
[2025-08-29T18:38:26.120+0000] {taskinstance.py:1370} INFO - 
--------------------------------------------------------------------------------
[2025-08-29T18:38:26.618+0000] {taskinstance.py:1389} INFO - Executing <Task(_PythonDecoratedOperator): extract> on 2024-11-30 02:20:00+00:00
[2025-08-29T18:38:26.714+0000] {standard_task_runner.py:52} INFO - Started process 302 to run task
[2025-08-29T18:38:26.861+0000] {standard_task_runner.py:79} INFO - Running: ['***', 'tasks', 'run', 'etl_P2M3_muhammad_al_ghifari', 'extract', 'scheduled__2024-11-30T02:20:00+00:00', '--job-id', '19', '--raw', '--subdir', 'DAGS_FOLDER/P2M3_muhammad_al_ghifari_DAG.py', '--cfg-path', '/tmp/tmpcu48vfvo', '--error-file', '/tmp/tmp_truyyko']
[2025-08-29T18:38:26.918+0000] {standard_task_runner.py:80} INFO - Job 19: Subtask extract
[2025-08-29T18:38:28.588+0000] {task_command.py:371} INFO - Running <TaskInstance: etl_P2M3_muhammad_al_ghifari.extract scheduled__2024-11-30T02:20:00+00:00 [running]> on host 30531155033d
[2025-08-29T18:38:29.261+0000] {taskinstance.py:1583} INFO - Exporting the following env vars:
AIRFLOW_CTX_DAG_OWNER=Muhammad Al Ghifari
AIRFLOW_CTX_DAG_ID=etl_P2M3_muhammad_al_ghifari
AIRFLOW_CTX_TASK_ID=extract
AIRFLOW_CTX_EXECUTION_DATE=2024-11-30T02:20:00+00:00
AIRFLOW_CTX_TRY_NUMBER=1
AIRFLOW_CTX_DAG_RUN_ID=scheduled__2024-11-30T02:20:00+00:00
[2025-08-29T18:38:29.970+0000] {logging_mixin.py:115} INFO - Success INSERT
[2025-08-29T18:38:29.983+0000] {python.py:173} INFO - Done. Returned value was: None
[2025-08-29T18:38:30.353+0000] {taskinstance.py:1412} INFO - Marking task as SUCCESS. dag_id=etl_P2M3_muhammad_al_ghifari, task_id=extract, execution_date=20241130T022000, start_date=20250829T183826, end_date=20250829T183830
[2025-08-29T18:38:30.509+0000] {local_task_job.py:156} INFO - Task exited with return code 0
[2025-08-29T18:38:31.182+0000] {local_task_job.py:279} INFO - 0 downstream tasks scheduled from follow-on schedule check
