[2025-08-29T19:03:16.437+0000] {taskinstance.py:1171} INFO - Dependencies all met for <TaskInstance: etl_P2M3_muhammad_al_ghifari.extract scheduled__2025-08-02T02:20:00+00:00 [queued]>
[2025-08-29T19:03:17.021+0000] {taskinstance.py:1171} INFO - Dependencies all met for <TaskInstance: etl_P2M3_muhammad_al_ghifari.extract scheduled__2025-08-02T02:20:00+00:00 [queued]>
[2025-08-29T19:03:17.046+0000] {taskinstance.py:1368} INFO - 
--------------------------------------------------------------------------------
[2025-08-29T19:03:17.052+0000] {taskinstance.py:1369} INFO - Starting attempt 1 of 1
[2025-08-29T19:03:17.056+0000] {taskinstance.py:1370} INFO - 
--------------------------------------------------------------------------------
[2025-08-29T19:03:17.695+0000] {taskinstance.py:1389} INFO - Executing <Task(_PythonDecoratedOperator): extract> on 2025-08-02 02:20:00+00:00
[2025-08-29T19:03:17.932+0000] {standard_task_runner.py:52} INFO - Started process 249 to run task
[2025-08-29T19:03:18.112+0000] {standard_task_runner.py:79} INFO - Running: ['***', 'tasks', 'run', 'etl_P2M3_muhammad_al_ghifari', 'extract', 'scheduled__2025-08-02T02:20:00+00:00', '--job-id', '264', '--raw', '--subdir', 'DAGS_FOLDER/P2M3_muhammad_al_ghifari_DAG.py', '--cfg-path', '/tmp/tmp9wrkyalz', '--error-file', '/tmp/tmpw9z0yzhn']
[2025-08-29T19:03:18.133+0000] {standard_task_runner.py:80} INFO - Job 264: Subtask extract
[2025-08-29T19:03:19.530+0000] {task_command.py:371} INFO - Running <TaskInstance: etl_P2M3_muhammad_al_ghifari.extract scheduled__2025-08-02T02:20:00+00:00 [running]> on host dfc6b3a208a1
[2025-08-29T19:03:20.505+0000] {taskinstance.py:1583} INFO - Exporting the following env vars:
AIRFLOW_CTX_DAG_OWNER=Muhammad Al Ghifari
AIRFLOW_CTX_DAG_ID=etl_P2M3_muhammad_al_ghifari
AIRFLOW_CTX_TASK_ID=extract
AIRFLOW_CTX_EXECUTION_DATE=2025-08-02T02:20:00+00:00
AIRFLOW_CTX_TRY_NUMBER=1
AIRFLOW_CTX_DAG_RUN_ID=scheduled__2025-08-02T02:20:00+00:00
[2025-08-29T19:03:20.899+0000] {logging_mixin.py:115} INFO - Success INSERT
[2025-08-29T19:03:20.913+0000] {python.py:173} INFO - Done. Returned value was: None
[2025-08-29T19:03:21.646+0000] {taskinstance.py:1412} INFO - Marking task as SUCCESS. dag_id=etl_P2M3_muhammad_al_ghifari, task_id=extract, execution_date=20250802T022000, start_date=20250829T190316, end_date=20250829T190321
[2025-08-29T19:03:22.868+0000] {local_task_job.py:156} INFO - Task exited with return code 0
[2025-08-29T19:03:24.014+0000] {local_task_job.py:279} INFO - 1 downstream tasks scheduled from follow-on schedule check
