[2025-08-29T18:43:22.376+0000] {taskinstance.py:1171} INFO - Dependencies all met for <TaskInstance: etl_P2M3_muhammad_al_ghifari.extract scheduled__2025-04-19T02:30:00+00:00 [queued]>
[2025-08-29T18:43:22.445+0000] {taskinstance.py:1171} INFO - Dependencies all met for <TaskInstance: etl_P2M3_muhammad_al_ghifari.extract scheduled__2025-04-19T02:30:00+00:00 [queued]>
[2025-08-29T18:43:22.449+0000] {taskinstance.py:1368} INFO - 
--------------------------------------------------------------------------------
[2025-08-29T18:43:22.458+0000] {taskinstance.py:1369} INFO - Starting attempt 1 of 1
[2025-08-29T18:43:22.460+0000] {taskinstance.py:1370} INFO - 
--------------------------------------------------------------------------------
[2025-08-29T18:43:22.680+0000] {taskinstance.py:1389} INFO - Executing <Task(_PythonDecoratedOperator): extract> on 2025-04-19 02:30:00+00:00
[2025-08-29T18:43:22.777+0000] {standard_task_runner.py:52} INFO - Started process 757 to run task
[2025-08-29T18:43:22.810+0000] {standard_task_runner.py:79} INFO - Running: ['***', 'tasks', 'run', 'etl_P2M3_muhammad_al_ghifari', 'extract', 'scheduled__2025-04-19T02:30:00+00:00', '--job-id', '157', '--raw', '--subdir', 'DAGS_FOLDER/P2M3_muhammad_al_ghifari_DAG.py', '--cfg-path', '/tmp/tmpjowkj1bi', '--error-file', '/tmp/tmpl8u03gag']
[2025-08-29T18:43:22.821+0000] {standard_task_runner.py:80} INFO - Job 157: Subtask extract
[2025-08-29T18:43:37.449+0000] {task_command.py:371} INFO - Running <TaskInstance: etl_P2M3_muhammad_al_ghifari.extract scheduled__2025-04-19T02:30:00+00:00 [running]> on host 30531155033d
[2025-08-29T18:43:39.082+0000] {taskinstance.py:1583} INFO - Exporting the following env vars:
AIRFLOW_CTX_DAG_OWNER=Muhammad Al Ghifari
AIRFLOW_CTX_DAG_ID=etl_P2M3_muhammad_al_ghifari
AIRFLOW_CTX_TASK_ID=extract
AIRFLOW_CTX_EXECUTION_DATE=2025-04-19T02:30:00+00:00
AIRFLOW_CTX_TRY_NUMBER=1
AIRFLOW_CTX_DAG_RUN_ID=scheduled__2025-04-19T02:30:00+00:00
[2025-08-29T18:43:40.135+0000] {logging_mixin.py:115} INFO - Success INSERT
[2025-08-29T18:43:40.151+0000] {python.py:173} INFO - Done. Returned value was: None
[2025-08-29T18:43:40.494+0000] {taskinstance.py:1412} INFO - Marking task as SUCCESS. dag_id=etl_P2M3_muhammad_al_ghifari, task_id=extract, execution_date=20250419T023000, start_date=20250829T184322, end_date=20250829T184340
[2025-08-29T18:43:40.639+0000] {local_task_job.py:156} INFO - Task exited with return code 0
[2025-08-29T18:43:41.077+0000] {local_task_job.py:279} INFO - 0 downstream tasks scheduled from follow-on schedule check
