[2025-08-29T18:42:30.205+0000] {taskinstance.py:1171} INFO - Dependencies all met for <TaskInstance: etl_P2M3_muhammad_al_ghifari.extract scheduled__2025-04-05T02:20:00+00:00 [queued]>
[2025-08-29T18:42:30.310+0000] {taskinstance.py:1171} INFO - Dependencies all met for <TaskInstance: etl_P2M3_muhammad_al_ghifari.extract scheduled__2025-04-05T02:20:00+00:00 [queued]>
[2025-08-29T18:42:30.313+0000] {taskinstance.py:1368} INFO - 
--------------------------------------------------------------------------------
[2025-08-29T18:42:30.314+0000] {taskinstance.py:1369} INFO - Starting attempt 1 of 1
[2025-08-29T18:42:30.318+0000] {taskinstance.py:1370} INFO - 
--------------------------------------------------------------------------------
[2025-08-29T18:42:30.410+0000] {taskinstance.py:1389} INFO - Executing <Task(_PythonDecoratedOperator): extract> on 2025-04-05 02:20:00+00:00
[2025-08-29T18:42:30.825+0000] {standard_task_runner.py:52} INFO - Started process 703 to run task
[2025-08-29T18:42:30.941+0000] {standard_task_runner.py:79} INFO - Running: ['***', 'tasks', 'run', 'etl_P2M3_muhammad_al_ghifari', 'extract', 'scheduled__2025-04-05T02:20:00+00:00', '--job-id', '143', '--raw', '--subdir', 'DAGS_FOLDER/P2M3_muhammad_al_ghifari_DAG.py', '--cfg-path', '/tmp/tmpw_7dbkue', '--error-file', '/tmp/tmpkylf0iel']
[2025-08-29T18:42:30.966+0000] {standard_task_runner.py:80} INFO - Job 143: Subtask extract
[2025-08-29T18:42:34.945+0000] {task_command.py:371} INFO - Running <TaskInstance: etl_P2M3_muhammad_al_ghifari.extract scheduled__2025-04-05T02:20:00+00:00 [running]> on host 30531155033d
[2025-08-29T18:42:51.575+0000] {taskinstance.py:1583} INFO - Exporting the following env vars:
AIRFLOW_CTX_DAG_OWNER=Muhammad Al Ghifari
AIRFLOW_CTX_DAG_ID=etl_P2M3_muhammad_al_ghifari
AIRFLOW_CTX_TASK_ID=extract
AIRFLOW_CTX_EXECUTION_DATE=2025-04-05T02:20:00+00:00
AIRFLOW_CTX_TRY_NUMBER=1
AIRFLOW_CTX_DAG_RUN_ID=scheduled__2025-04-05T02:20:00+00:00
[2025-08-29T18:42:54.478+0000] {logging_mixin.py:115} INFO - Success INSERT
[2025-08-29T18:42:54.525+0000] {python.py:173} INFO - Done. Returned value was: None
[2025-08-29T18:42:55.224+0000] {taskinstance.py:1412} INFO - Marking task as SUCCESS. dag_id=etl_P2M3_muhammad_al_ghifari, task_id=extract, execution_date=20250405T022000, start_date=20250829T184230, end_date=20250829T184255
[2025-08-29T18:42:56.282+0000] {local_task_job.py:156} INFO - Task exited with return code 0
[2025-08-29T18:42:57.861+0000] {local_task_job.py:279} INFO - 0 downstream tasks scheduled from follow-on schedule check
