[2025-08-29T18:50:21.891+0000] {taskinstance.py:1171} INFO - Dependencies all met for <TaskInstance: etl_P2M3_muhammad_al_ghifari.extract scheduled__2025-07-19T02:30:00+00:00 [queued]>
[2025-08-29T18:50:22.519+0000] {taskinstance.py:1171} INFO - Dependencies all met for <TaskInstance: etl_P2M3_muhammad_al_ghifari.extract scheduled__2025-07-19T02:30:00+00:00 [queued]>
[2025-08-29T18:50:22.547+0000] {taskinstance.py:1368} INFO - 
--------------------------------------------------------------------------------
[2025-08-29T18:50:22.551+0000] {taskinstance.py:1369} INFO - Starting attempt 1 of 1
[2025-08-29T18:50:22.556+0000] {taskinstance.py:1370} INFO - 
--------------------------------------------------------------------------------
[2025-08-29T18:50:23.282+0000] {taskinstance.py:1389} INFO - Executing <Task(_PythonDecoratedOperator): extract> on 2025-07-19 02:30:00+00:00
[2025-08-29T18:50:23.700+0000] {standard_task_runner.py:52} INFO - Started process 432 to run task
[2025-08-29T18:50:24.081+0000] {standard_task_runner.py:79} INFO - Running: ['***', 'tasks', 'run', 'etl_P2M3_muhammad_al_ghifari', 'extract', 'scheduled__2025-07-19T02:30:00+00:00', '--job-id', '237', '--raw', '--subdir', 'DAGS_FOLDER/P2M3_muhammad_al_ghifari_DAG.py', '--cfg-path', '/tmp/tmpl1iwg4dv', '--error-file', '/tmp/tmp26cfq_rw']
[2025-08-29T18:50:24.131+0000] {standard_task_runner.py:80} INFO - Job 237: Subtask extract
[2025-08-29T18:50:28.135+0000] {task_command.py:371} INFO - Running <TaskInstance: etl_P2M3_muhammad_al_ghifari.extract scheduled__2025-07-19T02:30:00+00:00 [running]> on host b40c5a90b1e4
[2025-08-29T18:50:35.081+0000] {taskinstance.py:1583} INFO - Exporting the following env vars:
AIRFLOW_CTX_DAG_OWNER=Muhammad Al Ghifari
AIRFLOW_CTX_DAG_ID=etl_P2M3_muhammad_al_ghifari
AIRFLOW_CTX_TASK_ID=extract
AIRFLOW_CTX_EXECUTION_DATE=2025-07-19T02:30:00+00:00
AIRFLOW_CTX_TRY_NUMBER=1
AIRFLOW_CTX_DAG_RUN_ID=scheduled__2025-07-19T02:30:00+00:00
[2025-08-29T18:50:40.442+0000] {logging_mixin.py:115} INFO - Success INSERT
[2025-08-29T18:50:40.556+0000] {python.py:173} INFO - Done. Returned value was: None
[2025-08-29T18:50:48.909+0000] {taskinstance.py:1412} INFO - Marking task as SUCCESS. dag_id=etl_P2M3_muhammad_al_ghifari, task_id=extract, execution_date=20250719T023000, start_date=20250829T185022, end_date=20250829T185048
[2025-08-29T18:51:03.318+0000] {local_task_job.py:156} INFO - Task exited with return code 0
[2025-08-29T18:51:12.267+0000] {local_task_job.py:84} ERROR - Received SIGTERM. Terminating subprocesses
[2025-08-29T18:51:13.536+0000] {local_task_job.py:156} INFO - Task exited with return code 143
[2025-08-29T18:51:15.201+0000] {local_task_job.py:279} INFO - 0 downstream tasks scheduled from follow-on schedule check
