[2025-08-29T18:49:39.826+0000] {taskinstance.py:1171} INFO - Dependencies all met for <TaskInstance: etl_P2M3_muhammad_al_ghifari.extract scheduled__2025-06-28T02:10:00+00:00 [queued]>
[2025-08-29T18:49:40.038+0000] {taskinstance.py:1171} INFO - Dependencies all met for <TaskInstance: etl_P2M3_muhammad_al_ghifari.extract scheduled__2025-06-28T02:10:00+00:00 [queued]>
[2025-08-29T18:49:40.039+0000] {taskinstance.py:1368} INFO - 
--------------------------------------------------------------------------------
[2025-08-29T18:49:40.039+0000] {taskinstance.py:1369} INFO - Starting attempt 1 of 1
[2025-08-29T18:49:40.040+0000] {taskinstance.py:1370} INFO - 
--------------------------------------------------------------------------------
[2025-08-29T18:49:40.337+0000] {taskinstance.py:1389} INFO - Executing <Task(_PythonDecoratedOperator): extract> on 2025-06-28 02:10:00+00:00
[2025-08-29T18:49:40.583+0000] {standard_task_runner.py:52} INFO - Started process 391 to run task
[2025-08-29T18:49:40.652+0000] {standard_task_runner.py:79} INFO - Running: ['***', 'tasks', 'run', 'etl_P2M3_muhammad_al_ghifari', 'extract', 'scheduled__2025-06-28T02:10:00+00:00', '--job-id', '227', '--raw', '--subdir', 'DAGS_FOLDER/P2M3_muhammad_al_ghifari_DAG.py', '--cfg-path', '/tmp/tmp__52rj39', '--error-file', '/tmp/tmpmbfxr6ok']
[2025-08-29T18:49:40.681+0000] {standard_task_runner.py:80} INFO - Job 227: Subtask extract
[2025-08-29T18:49:42.234+0000] {task_command.py:371} INFO - Running <TaskInstance: etl_P2M3_muhammad_al_ghifari.extract scheduled__2025-06-28T02:10:00+00:00 [running]> on host b40c5a90b1e4
[2025-08-29T18:49:46.411+0000] {taskinstance.py:1583} INFO - Exporting the following env vars:
AIRFLOW_CTX_DAG_OWNER=Muhammad Al Ghifari
AIRFLOW_CTX_DAG_ID=etl_P2M3_muhammad_al_ghifari
AIRFLOW_CTX_TASK_ID=extract
AIRFLOW_CTX_EXECUTION_DATE=2025-06-28T02:10:00+00:00
AIRFLOW_CTX_TRY_NUMBER=1
AIRFLOW_CTX_DAG_RUN_ID=scheduled__2025-06-28T02:10:00+00:00
[2025-08-29T18:49:48.299+0000] {logging_mixin.py:115} INFO - Success INSERT
[2025-08-29T18:49:48.332+0000] {python.py:173} INFO - Done. Returned value was: None
[2025-08-29T18:49:49.536+0000] {taskinstance.py:1412} INFO - Marking task as SUCCESS. dag_id=etl_P2M3_muhammad_al_ghifari, task_id=extract, execution_date=20250628T021000, start_date=20250829T184939, end_date=20250829T184949
[2025-08-29T18:49:50.256+0000] {local_task_job.py:156} INFO - Task exited with return code 0
[2025-08-29T18:49:53.583+0000] {local_task_job.py:279} INFO - 0 downstream tasks scheduled from follow-on schedule check
