[2025-08-30T11:55:23.327+0000] {taskinstance.py:1171} INFO - Dependencies all met for <TaskInstance: etl_P2M3_muhammad_al_ghifari.preprocess_data manual__2025-08-30T11:55:19.009760+00:00 [queued]>
[2025-08-30T11:55:23.333+0000] {taskinstance.py:1171} INFO - Dependencies all met for <TaskInstance: etl_P2M3_muhammad_al_ghifari.preprocess_data manual__2025-08-30T11:55:19.009760+00:00 [queued]>
[2025-08-30T11:55:23.333+0000] {taskinstance.py:1368} INFO - 
--------------------------------------------------------------------------------
[2025-08-30T11:55:23.333+0000] {taskinstance.py:1369} INFO - Starting attempt 1 of 1
[2025-08-30T11:55:23.333+0000] {taskinstance.py:1370} INFO - 
--------------------------------------------------------------------------------
[2025-08-30T11:55:23.340+0000] {taskinstance.py:1389} INFO - Executing <Task(_PythonDecoratedOperator): preprocess_data> on 2025-08-30 11:55:19.009760+00:00
[2025-08-30T11:55:23.346+0000] {standard_task_runner.py:52} INFO - Started process 420 to run task
[2025-08-30T11:55:23.349+0000] {standard_task_runner.py:79} INFO - Running: ['***', 'tasks', 'run', 'etl_P2M3_muhammad_al_ghifari', 'preprocess_data', 'manual__2025-08-30T11:55:19.009760+00:00', '--job-id', '305', '--raw', '--subdir', 'DAGS_FOLDER/P2M3_muhammad_al_ghifari_DAG.py', '--cfg-path', '/tmp/tmpajps8fie', '--error-file', '/tmp/tmpvhi58wba']
[2025-08-30T11:55:23.350+0000] {standard_task_runner.py:80} INFO - Job 305: Subtask preprocess_data
[2025-08-30T11:55:23.403+0000] {task_command.py:371} INFO - Running <TaskInstance: etl_P2M3_muhammad_al_ghifari.preprocess_data manual__2025-08-30T11:55:19.009760+00:00 [running]> on host e16607c3436f
[2025-08-30T11:55:23.451+0000] {taskinstance.py:1583} INFO - Exporting the following env vars:
AIRFLOW_CTX_DAG_OWNER=Muhammad Al Ghifari
AIRFLOW_CTX_DAG_ID=etl_P2M3_muhammad_al_ghifari
AIRFLOW_CTX_TASK_ID=preprocess_data
AIRFLOW_CTX_EXECUTION_DATE=2025-08-30T11:55:19.009760+00:00
AIRFLOW_CTX_TRY_NUMBER=1
AIRFLOW_CTX_DAG_RUN_ID=manual__2025-08-30T11:55:19.009760+00:00
[2025-08-30T11:55:23.504+0000] {logging_mixin.py:115} INFO - Preprocessed data is Success
[2025-08-30T11:55:23.514+0000] {logging_mixin.py:115} INFO -   shipment_id origin_warehouse  ... distance_miles transit_days
0     SH10000    Warehouse_MIA  ...            291            2
1     SH10001    Warehouse_MIA  ...           1225            3
2     SH10002     Warehouse_LA  ...            220            2
3     SH10003    Warehouse_BOS  ...           1156            9
4     SH10004     Warehouse_SF  ...           1017            3

[5 rows x 11 columns]
[2025-08-30T11:55:23.534+0000] {python.py:173} INFO - Done. Returned value was: None
[2025-08-30T11:55:23.549+0000] {taskinstance.py:1412} INFO - Marking task as SUCCESS. dag_id=etl_P2M3_muhammad_al_ghifari, task_id=preprocess_data, execution_date=20250830T115519, start_date=20250830T115523, end_date=20250830T115523
[2025-08-30T11:55:23.573+0000] {local_task_job.py:156} INFO - Task exited with return code 0
[2025-08-30T11:55:23.605+0000] {local_task_job.py:279} INFO - 1 downstream tasks scheduled from follow-on schedule check
