[2025-08-29T18:39:59.170+0000] {taskinstance.py:1171} INFO - Dependencies all met for <TaskInstance: etl_P2M3_muhammad_al_ghifari.extract scheduled__2025-01-18T02:20:00+00:00 [queued]>
[2025-08-29T18:39:59.196+0000] {taskinstance.py:1171} INFO - Dependencies all met for <TaskInstance: etl_P2M3_muhammad_al_ghifari.extract scheduled__2025-01-18T02:20:00+00:00 [queued]>
[2025-08-29T18:39:59.197+0000] {taskinstance.py:1368} INFO - 
--------------------------------------------------------------------------------
[2025-08-29T18:39:59.200+0000] {taskinstance.py:1369} INFO - Starting attempt 1 of 1
[2025-08-29T18:39:59.201+0000] {taskinstance.py:1370} INFO - 
--------------------------------------------------------------------------------
[2025-08-29T18:39:59.278+0000] {taskinstance.py:1389} INFO - Executing <Task(_PythonDecoratedOperator): extract> on 2025-01-18 02:20:00+00:00
[2025-08-29T18:39:59.304+0000] {standard_task_runner.py:52} INFO - Started process 477 to run task
[2025-08-29T18:39:59.312+0000] {standard_task_runner.py:79} INFO - Running: ['***', 'tasks', 'run', 'etl_P2M3_muhammad_al_ghifari', 'extract', 'scheduled__2025-01-18T02:20:00+00:00', '--job-id', '72', '--raw', '--subdir', 'DAGS_FOLDER/P2M3_muhammad_al_ghifari_DAG.py', '--cfg-path', '/tmp/tmp2i6_dqga', '--error-file', '/tmp/tmp2g5mg8jg']
[2025-08-29T18:39:59.322+0000] {standard_task_runner.py:80} INFO - Job 72: Subtask extract
[2025-08-29T18:39:59.606+0000] {task_command.py:371} INFO - Running <TaskInstance: etl_P2M3_muhammad_al_ghifari.extract scheduled__2025-01-18T02:20:00+00:00 [running]> on host 30531155033d
[2025-08-29T18:39:59.959+0000] {taskinstance.py:1583} INFO - Exporting the following env vars:
AIRFLOW_CTX_DAG_OWNER=Muhammad Al Ghifari
AIRFLOW_CTX_DAG_ID=etl_P2M3_muhammad_al_ghifari
AIRFLOW_CTX_TASK_ID=extract
AIRFLOW_CTX_EXECUTION_DATE=2025-01-18T02:20:00+00:00
AIRFLOW_CTX_TRY_NUMBER=1
AIRFLOW_CTX_DAG_RUN_ID=scheduled__2025-01-18T02:20:00+00:00
[2025-08-29T18:40:00.223+0000] {logging_mixin.py:115} INFO - Success INSERT
[2025-08-29T18:40:00.226+0000] {python.py:173} INFO - Done. Returned value was: None
[2025-08-29T18:40:00.350+0000] {taskinstance.py:1412} INFO - Marking task as SUCCESS. dag_id=etl_P2M3_muhammad_al_ghifari, task_id=extract, execution_date=20250118T022000, start_date=20250829T183959, end_date=20250829T184000
[2025-08-29T18:40:00.475+0000] {local_task_job.py:156} INFO - Task exited with return code 0
[2025-08-29T18:40:00.958+0000] {local_task_job.py:279} INFO - 1 downstream tasks scheduled from follow-on schedule check
