[2025-08-30T11:55:21.806+0000] {taskinstance.py:1171} INFO - Dependencies all met for <TaskInstance: etl_P2M3_muhammad_al_ghifari.extract manual__2025-08-30T11:55:19.009760+00:00 [queued]>
[2025-08-30T11:55:21.812+0000] {taskinstance.py:1171} INFO - Dependencies all met for <TaskInstance: etl_P2M3_muhammad_al_ghifari.extract manual__2025-08-30T11:55:19.009760+00:00 [queued]>
[2025-08-30T11:55:21.812+0000] {taskinstance.py:1368} INFO - 
--------------------------------------------------------------------------------
[2025-08-30T11:55:21.812+0000] {taskinstance.py:1369} INFO - Starting attempt 1 of 1
[2025-08-30T11:55:21.812+0000] {taskinstance.py:1370} INFO - 
--------------------------------------------------------------------------------
[2025-08-30T11:55:21.819+0000] {taskinstance.py:1389} INFO - Executing <Task(_PythonDecoratedOperator): extract> on 2025-08-30 11:55:19.009760+00:00
[2025-08-30T11:55:21.824+0000] {standard_task_runner.py:52} INFO - Started process 417 to run task
[2025-08-30T11:55:21.827+0000] {standard_task_runner.py:79} INFO - Running: ['***', 'tasks', 'run', 'etl_P2M3_muhammad_al_ghifari', 'extract', 'manual__2025-08-30T11:55:19.009760+00:00', '--job-id', '304', '--raw', '--subdir', 'DAGS_FOLDER/P2M3_muhammad_al_ghifari_DAG.py', '--cfg-path', '/tmp/tmp5h3ocpg3', '--error-file', '/tmp/tmpaeckqn4q']
[2025-08-30T11:55:21.831+0000] {standard_task_runner.py:80} INFO - Job 304: Subtask extract
[2025-08-30T11:55:21.942+0000] {task_command.py:371} INFO - Running <TaskInstance: etl_P2M3_muhammad_al_ghifari.extract manual__2025-08-30T11:55:19.009760+00:00 [running]> on host e16607c3436f
[2025-08-30T11:55:22.046+0000] {taskinstance.py:1583} INFO - Exporting the following env vars:
AIRFLOW_CTX_DAG_OWNER=Muhammad Al Ghifari
AIRFLOW_CTX_DAG_ID=etl_P2M3_muhammad_al_ghifari
AIRFLOW_CTX_TASK_ID=extract
AIRFLOW_CTX_EXECUTION_DATE=2025-08-30T11:55:19.009760+00:00
AIRFLOW_CTX_TRY_NUMBER=1
AIRFLOW_CTX_DAG_RUN_ID=manual__2025-08-30T11:55:19.009760+00:00
[2025-08-30T11:55:22.145+0000] {logging_mixin.py:115} INFO - Success INSERT
[2025-08-30T11:55:22.146+0000] {python.py:173} INFO - Done. Returned value was: None
[2025-08-30T11:55:22.163+0000] {taskinstance.py:1412} INFO - Marking task as SUCCESS. dag_id=etl_P2M3_muhammad_al_ghifari, task_id=extract, execution_date=20250830T115519, start_date=20250830T115521, end_date=20250830T115522
[2025-08-30T11:55:22.178+0000] {local_task_job.py:156} INFO - Task exited with return code 0
[2025-08-30T11:55:22.208+0000] {local_task_job.py:279} INFO - 1 downstream tasks scheduled from follow-on schedule check
