[2025-08-29T18:44:05.908+0000] {taskinstance.py:1171} INFO - Dependencies all met for <TaskInstance: etl_P2M3_muhammad_al_ghifari.extract scheduled__2025-05-03T02:10:00+00:00 [queued]>
[2025-08-29T18:44:05.943+0000] {taskinstance.py:1171} INFO - Dependencies all met for <TaskInstance: etl_P2M3_muhammad_al_ghifari.extract scheduled__2025-05-03T02:10:00+00:00 [queued]>
[2025-08-29T18:44:05.943+0000] {taskinstance.py:1368} INFO - 
--------------------------------------------------------------------------------
[2025-08-29T18:44:05.944+0000] {taskinstance.py:1369} INFO - Starting attempt 1 of 1
[2025-08-29T18:44:05.945+0000] {taskinstance.py:1370} INFO - 
--------------------------------------------------------------------------------
[2025-08-29T18:44:06.017+0000] {taskinstance.py:1389} INFO - Executing <Task(_PythonDecoratedOperator): extract> on 2025-05-03 02:10:00+00:00
[2025-08-29T18:44:06.049+0000] {standard_task_runner.py:52} INFO - Started process 817 to run task
[2025-08-29T18:44:06.097+0000] {standard_task_runner.py:79} INFO - Running: ['***', 'tasks', 'run', 'etl_P2M3_muhammad_al_ghifari', 'extract', 'scheduled__2025-05-03T02:10:00+00:00', '--job-id', '174', '--raw', '--subdir', 'DAGS_FOLDER/P2M3_muhammad_al_ghifari_DAG.py', '--cfg-path', '/tmp/tmpqdrxzh4_', '--error-file', '/tmp/tmpryardyue']
[2025-08-29T18:44:06.101+0000] {standard_task_runner.py:80} INFO - Job 174: Subtask extract
[2025-08-29T18:44:06.554+0000] {task_command.py:371} INFO - Running <TaskInstance: etl_P2M3_muhammad_al_ghifari.extract scheduled__2025-05-03T02:10:00+00:00 [running]> on host 30531155033d
[2025-08-29T18:44:07.144+0000] {taskinstance.py:1583} INFO - Exporting the following env vars:
AIRFLOW_CTX_DAG_OWNER=Muhammad Al Ghifari
AIRFLOW_CTX_DAG_ID=etl_P2M3_muhammad_al_ghifari
AIRFLOW_CTX_TASK_ID=extract
AIRFLOW_CTX_EXECUTION_DATE=2025-05-03T02:10:00+00:00
AIRFLOW_CTX_TRY_NUMBER=1
AIRFLOW_CTX_DAG_RUN_ID=scheduled__2025-05-03T02:10:00+00:00
[2025-08-29T18:44:07.624+0000] {logging_mixin.py:115} INFO - Success INSERT
[2025-08-29T18:44:07.637+0000] {python.py:173} INFO - Done. Returned value was: None
[2025-08-29T18:44:07.760+0000] {taskinstance.py:1412} INFO - Marking task as SUCCESS. dag_id=etl_P2M3_muhammad_al_ghifari, task_id=extract, execution_date=20250503T021000, start_date=20250829T184405, end_date=20250829T184407
[2025-08-29T18:44:07.871+0000] {local_task_job.py:156} INFO - Task exited with return code 0
[2025-08-29T18:44:08.143+0000] {local_task_job.py:279} INFO - 1 downstream tasks scheduled from follow-on schedule check
