[2025-08-29T18:48:06.297+0000] {taskinstance.py:1171} INFO - Dependencies all met for <TaskInstance: etl_P2M3_muhammad_al_ghifari.extract scheduled__2025-05-31T02:20:00+00:00 [queued]>
[2025-08-29T18:48:06.655+0000] {taskinstance.py:1171} INFO - Dependencies all met for <TaskInstance: etl_P2M3_muhammad_al_ghifari.extract scheduled__2025-05-31T02:20:00+00:00 [queued]>
[2025-08-29T18:48:06.670+0000] {taskinstance.py:1368} INFO - 
--------------------------------------------------------------------------------
[2025-08-29T18:48:06.677+0000] {taskinstance.py:1369} INFO - Starting attempt 1 of 1
[2025-08-29T18:48:06.678+0000] {taskinstance.py:1370} INFO - 
--------------------------------------------------------------------------------
[2025-08-29T18:48:07.566+0000] {taskinstance.py:1389} INFO - Executing <Task(_PythonDecoratedOperator): extract> on 2025-05-31 02:20:00+00:00
[2025-08-29T18:48:07.674+0000] {standard_task_runner.py:52} INFO - Started process 299 to run task
[2025-08-29T18:48:07.762+0000] {standard_task_runner.py:79} INFO - Running: ['***', 'tasks', 'run', 'etl_P2M3_muhammad_al_ghifari', 'extract', 'scheduled__2025-05-31T02:20:00+00:00', '--job-id', '205', '--raw', '--subdir', 'DAGS_FOLDER/P2M3_muhammad_al_ghifari_DAG.py', '--cfg-path', '/tmp/tmp_she1qz0', '--error-file', '/tmp/tmprxpd57lg']
[2025-08-29T18:48:07.796+0000] {standard_task_runner.py:80} INFO - Job 205: Subtask extract
[2025-08-29T18:48:11.024+0000] {task_command.py:371} INFO - Running <TaskInstance: etl_P2M3_muhammad_al_ghifari.extract scheduled__2025-05-31T02:20:00+00:00 [running]> on host b40c5a90b1e4
[2025-08-29T18:48:13.595+0000] {taskinstance.py:1583} INFO - Exporting the following env vars:
AIRFLOW_CTX_DAG_OWNER=Muhammad Al Ghifari
AIRFLOW_CTX_DAG_ID=etl_P2M3_muhammad_al_ghifari
AIRFLOW_CTX_TASK_ID=extract
AIRFLOW_CTX_EXECUTION_DATE=2025-05-31T02:20:00+00:00
AIRFLOW_CTX_TRY_NUMBER=1
AIRFLOW_CTX_DAG_RUN_ID=scheduled__2025-05-31T02:20:00+00:00
[2025-08-29T18:48:14.650+0000] {logging_mixin.py:115} INFO - Success INSERT
[2025-08-29T18:48:14.672+0000] {python.py:173} INFO - Done. Returned value was: None
[2025-08-29T18:48:16.139+0000] {taskinstance.py:1412} INFO - Marking task as SUCCESS. dag_id=etl_P2M3_muhammad_al_ghifari, task_id=extract, execution_date=20250531T022000, start_date=20250829T184806, end_date=20250829T184816
[2025-08-29T18:48:16.517+0000] {local_task_job.py:156} INFO - Task exited with return code 0
[2025-08-29T18:48:18.931+0000] {local_task_job.py:279} INFO - 0 downstream tasks scheduled from follow-on schedule check
