[2025-08-29T18:40:27.086+0000] {taskinstance.py:1171} INFO - Dependencies all met for <TaskInstance: etl_P2M3_muhammad_al_ghifari.extract scheduled__2025-03-01T02:10:00+00:00 [queued]>
[2025-08-29T18:40:27.496+0000] {taskinstance.py:1171} INFO - Dependencies all met for <TaskInstance: etl_P2M3_muhammad_al_ghifari.extract scheduled__2025-03-01T02:10:00+00:00 [queued]>
[2025-08-29T18:40:27.500+0000] {taskinstance.py:1368} INFO - 
--------------------------------------------------------------------------------
[2025-08-29T18:40:27.518+0000] {taskinstance.py:1369} INFO - Starting attempt 1 of 1
[2025-08-29T18:40:27.528+0000] {taskinstance.py:1370} INFO - 
--------------------------------------------------------------------------------
[2025-08-29T18:40:28.045+0000] {taskinstance.py:1389} INFO - Executing <Task(_PythonDecoratedOperator): extract> on 2025-03-01 02:10:00+00:00
[2025-08-29T18:40:28.282+0000] {standard_task_runner.py:52} INFO - Started process 573 to run task
[2025-08-29T18:40:28.347+0000] {standard_task_runner.py:79} INFO - Running: ['***', 'tasks', 'run', 'etl_P2M3_muhammad_al_ghifari', 'extract', 'scheduled__2025-03-01T02:10:00+00:00', '--job-id', '101', '--raw', '--subdir', 'DAGS_FOLDER/P2M3_muhammad_al_ghifari_DAG.py', '--cfg-path', '/tmp/tmplip3xg3n', '--error-file', '/tmp/tmpuh_oun9n']
[2025-08-29T18:40:28.464+0000] {standard_task_runner.py:80} INFO - Job 101: Subtask extract
[2025-08-29T18:40:30.018+0000] {task_command.py:371} INFO - Running <TaskInstance: etl_P2M3_muhammad_al_ghifari.extract scheduled__2025-03-01T02:10:00+00:00 [running]> on host 30531155033d
[2025-08-29T18:40:31.851+0000] {taskinstance.py:1583} INFO - Exporting the following env vars:
AIRFLOW_CTX_DAG_OWNER=Muhammad Al Ghifari
AIRFLOW_CTX_DAG_ID=etl_P2M3_muhammad_al_ghifari
AIRFLOW_CTX_TASK_ID=extract
AIRFLOW_CTX_EXECUTION_DATE=2025-03-01T02:10:00+00:00
AIRFLOW_CTX_TRY_NUMBER=1
AIRFLOW_CTX_DAG_RUN_ID=scheduled__2025-03-01T02:10:00+00:00
[2025-08-29T18:40:32.344+0000] {logging_mixin.py:115} INFO - Success INSERT
[2025-08-29T18:40:32.370+0000] {python.py:173} INFO - Done. Returned value was: None
[2025-08-29T18:40:33.858+0000] {taskinstance.py:1412} INFO - Marking task as SUCCESS. dag_id=etl_P2M3_muhammad_al_ghifari, task_id=extract, execution_date=20250301T021000, start_date=20250829T184027, end_date=20250829T184033
[2025-08-29T18:40:34.664+0000] {local_task_job.py:227} WARNING - State of this instance has been externally set to success. Terminating instance.
[2025-08-29T18:40:34.748+0000] {process_utils.py:129} INFO - Sending Signals.SIGTERM to group 573. PIDs of all processes in the group: [573]
[2025-08-29T18:40:34.781+0000] {process_utils.py:80} INFO - Sending the signal Signals.SIGTERM to group 573
[2025-08-29T18:40:34.959+0000] {process_utils.py:75} INFO - Process psutil.Process(pid=573, status='terminated', exitcode=0, started='18:40:27') (573) terminated with exit code 0
