[2025-08-29T19:03:25.251+0000] {taskinstance.py:1171} INFO - Dependencies all met for <TaskInstance: etl_P2M3_muhammad_al_ghifari.extract scheduled__2025-08-16T02:20:00+00:00 [queued]>
[2025-08-29T19:03:25.399+0000] {taskinstance.py:1171} INFO - Dependencies all met for <TaskInstance: etl_P2M3_muhammad_al_ghifari.extract scheduled__2025-08-16T02:20:00+00:00 [queued]>
[2025-08-29T19:03:25.403+0000] {taskinstance.py:1368} INFO - 
--------------------------------------------------------------------------------
[2025-08-29T19:03:25.404+0000] {taskinstance.py:1369} INFO - Starting attempt 1 of 1
[2025-08-29T19:03:25.414+0000] {taskinstance.py:1370} INFO - 
--------------------------------------------------------------------------------
[2025-08-29T19:03:25.855+0000] {taskinstance.py:1389} INFO - Executing <Task(_PythonDecoratedOperator): extract> on 2025-08-16 02:20:00+00:00
[2025-08-29T19:03:25.992+0000] {standard_task_runner.py:52} INFO - Started process 266 to run task
[2025-08-29T19:03:26.031+0000] {standard_task_runner.py:79} INFO - Running: ['***', 'tasks', 'run', 'etl_P2M3_muhammad_al_ghifari', 'extract', 'scheduled__2025-08-16T02:20:00+00:00', '--job-id', '267', '--raw', '--subdir', 'DAGS_FOLDER/P2M3_muhammad_al_ghifari_DAG.py', '--cfg-path', '/tmp/tmpkc_m0bjn', '--error-file', '/tmp/tmptcgn7mgu']
[2025-08-29T19:03:26.045+0000] {standard_task_runner.py:80} INFO - Job 267: Subtask extract
[2025-08-29T19:03:28.223+0000] {task_command.py:371} INFO - Running <TaskInstance: etl_P2M3_muhammad_al_ghifari.extract scheduled__2025-08-16T02:20:00+00:00 [running]> on host dfc6b3a208a1
[2025-08-29T19:03:29.685+0000] {taskinstance.py:1583} INFO - Exporting the following env vars:
AIRFLOW_CTX_DAG_OWNER=Muhammad Al Ghifari
AIRFLOW_CTX_DAG_ID=etl_P2M3_muhammad_al_ghifari
AIRFLOW_CTX_TASK_ID=extract
AIRFLOW_CTX_EXECUTION_DATE=2025-08-16T02:20:00+00:00
AIRFLOW_CTX_TRY_NUMBER=1
AIRFLOW_CTX_DAG_RUN_ID=scheduled__2025-08-16T02:20:00+00:00
[2025-08-29T19:03:30.548+0000] {logging_mixin.py:115} INFO - Success INSERT
[2025-08-29T19:03:30.638+0000] {python.py:173} INFO - Done. Returned value was: None
[2025-08-29T19:03:31.004+0000] {taskinstance.py:1412} INFO - Marking task as SUCCESS. dag_id=etl_P2M3_muhammad_al_ghifari, task_id=extract, execution_date=20250816T022000, start_date=20250829T190325, end_date=20250829T190331
[2025-08-29T19:03:32.144+0000] {local_task_job.py:156} INFO - Task exited with return code 0
[2025-08-29T19:03:33.363+0000] {local_task_job.py:279} INFO - 0 downstream tasks scheduled from follow-on schedule check
