[2025-08-29T18:44:36.417+0000] {taskinstance.py:1171} INFO - Dependencies all met for <TaskInstance: etl_P2M3_muhammad_al_ghifari.extract scheduled__2025-05-03T02:20:00+00:00 [queued]>
[2025-08-29T18:44:36.891+0000] {taskinstance.py:1171} INFO - Dependencies all met for <TaskInstance: etl_P2M3_muhammad_al_ghifari.extract scheduled__2025-05-03T02:20:00+00:00 [queued]>
[2025-08-29T18:44:36.926+0000] {taskinstance.py:1368} INFO - 
--------------------------------------------------------------------------------
[2025-08-29T18:44:36.948+0000] {taskinstance.py:1369} INFO - Starting attempt 1 of 1
[2025-08-29T18:44:36.956+0000] {taskinstance.py:1370} INFO - 
--------------------------------------------------------------------------------
[2025-08-29T18:44:38.248+0000] {taskinstance.py:1389} INFO - Executing <Task(_PythonDecoratedOperator): extract> on 2025-05-03 02:20:00+00:00
[2025-08-29T18:44:38.943+0000] {standard_task_runner.py:52} INFO - Started process 862 to run task
[2025-08-29T18:44:39.126+0000] {standard_task_runner.py:79} INFO - Running: ['***', 'tasks', 'run', 'etl_P2M3_muhammad_al_ghifari', 'extract', 'scheduled__2025-05-03T02:20:00+00:00', '--job-id', '180', '--raw', '--subdir', 'DAGS_FOLDER/P2M3_muhammad_al_ghifari_DAG.py', '--cfg-path', '/tmp/tmp_a5fosyh', '--error-file', '/tmp/tmpy__oe0tt']
[2025-08-29T18:44:39.155+0000] {standard_task_runner.py:80} INFO - Job 180: Subtask extract
[2025-08-29T18:44:47.150+0000] {task_command.py:371} INFO - Running <TaskInstance: etl_P2M3_muhammad_al_ghifari.extract scheduled__2025-05-03T02:20:00+00:00 [running]> on host 30531155033d
[2025-08-29T18:44:51.207+0000] {taskinstance.py:1583} INFO - Exporting the following env vars:
AIRFLOW_CTX_DAG_OWNER=Muhammad Al Ghifari
AIRFLOW_CTX_DAG_ID=etl_P2M3_muhammad_al_ghifari
AIRFLOW_CTX_TASK_ID=extract
AIRFLOW_CTX_EXECUTION_DATE=2025-05-03T02:20:00+00:00
AIRFLOW_CTX_TRY_NUMBER=1
AIRFLOW_CTX_DAG_RUN_ID=scheduled__2025-05-03T02:20:00+00:00
[2025-08-29T18:44:53.877+0000] {logging_mixin.py:115} INFO - Success INSERT
[2025-08-29T18:44:53.965+0000] {python.py:173} INFO - Done. Returned value was: None
[2025-08-29T18:44:57.339+0000] {taskinstance.py:1412} INFO - Marking task as SUCCESS. dag_id=etl_P2M3_muhammad_al_ghifari, task_id=extract, execution_date=20250503T022000, start_date=20250829T184436, end_date=20250829T184457
[2025-08-29T18:44:57.943+0000] {local_task_job.py:84} ERROR - Received SIGTERM. Terminating subprocesses
[2025-08-29T18:44:58.210+0000] {process_utils.py:129} INFO - Sending Signals.SIGTERM to group 862. PIDs of all processes in the group: [862]
[2025-08-29T18:44:58.216+0000] {process_utils.py:80} INFO - Sending the signal Signals.SIGTERM to group 862
[2025-08-29T18:44:58.284+0000] {process_utils.py:75} INFO - Process psutil.Process(pid=862, status='terminated', exitcode=0, started='18:44:38') (862) terminated with exit code 0
[2025-08-29T18:44:58.305+0000] {local_task_job.py:156} INFO - Task exited with return code 143
[2025-08-29T18:44:59.522+0000] {local_task_job.py:279} INFO - 1 downstream tasks scheduled from follow-on schedule check
