[2025-08-29T18:47:10.287+0000] {taskinstance.py:1171} INFO - Dependencies all met for <TaskInstance: etl_P2M3_muhammad_al_ghifari.extract scheduled__2025-05-24T02:10:00+00:00 [queued]>
[2025-08-29T18:47:10.574+0000] {taskinstance.py:1171} INFO - Dependencies all met for <TaskInstance: etl_P2M3_muhammad_al_ghifari.extract scheduled__2025-05-24T02:10:00+00:00 [queued]>
[2025-08-29T18:47:10.574+0000] {taskinstance.py:1368} INFO - 
--------------------------------------------------------------------------------
[2025-08-29T18:47:10.574+0000] {taskinstance.py:1369} INFO - Starting attempt 1 of 1
[2025-08-29T18:47:10.575+0000] {taskinstance.py:1370} INFO - 
--------------------------------------------------------------------------------
[2025-08-29T18:47:10.695+0000] {taskinstance.py:1389} INFO - Executing <Task(_PythonDecoratedOperator): extract> on 2025-05-24 02:10:00+00:00
[2025-08-29T18:47:10.746+0000] {standard_task_runner.py:52} INFO - Started process 254 to run task
[2025-08-29T18:47:10.820+0000] {standard_task_runner.py:79} INFO - Running: ['***', 'tasks', 'run', 'etl_P2M3_muhammad_al_ghifari', 'extract', 'scheduled__2025-05-24T02:10:00+00:00', '--job-id', '199', '--raw', '--subdir', 'DAGS_FOLDER/P2M3_muhammad_al_ghifari_DAG.py', '--cfg-path', '/tmp/tmpmiz6btcq', '--error-file', '/tmp/tmpqiwq20h2']
[2025-08-29T18:47:10.840+0000] {standard_task_runner.py:80} INFO - Job 199: Subtask extract
[2025-08-29T18:47:12.372+0000] {task_command.py:371} INFO - Running <TaskInstance: etl_P2M3_muhammad_al_ghifari.extract scheduled__2025-05-24T02:10:00+00:00 [running]> on host b40c5a90b1e4
[2025-08-29T18:47:18.418+0000] {taskinstance.py:1583} INFO - Exporting the following env vars:
AIRFLOW_CTX_DAG_OWNER=Muhammad Al Ghifari
AIRFLOW_CTX_DAG_ID=etl_P2M3_muhammad_al_ghifari
AIRFLOW_CTX_TASK_ID=extract
AIRFLOW_CTX_EXECUTION_DATE=2025-05-24T02:10:00+00:00
AIRFLOW_CTX_TRY_NUMBER=1
AIRFLOW_CTX_DAG_RUN_ID=scheduled__2025-05-24T02:10:00+00:00
[2025-08-29T18:47:19.676+0000] {logging_mixin.py:115} INFO - Success INSERT
[2025-08-29T18:47:19.727+0000] {python.py:173} INFO - Done. Returned value was: None
[2025-08-29T18:47:20.344+0000] {taskinstance.py:1412} INFO - Marking task as SUCCESS. dag_id=etl_P2M3_muhammad_al_ghifari, task_id=extract, execution_date=20250524T021000, start_date=20250829T184710, end_date=20250829T184720
[2025-08-29T18:47:20.902+0000] {local_task_job.py:156} INFO - Task exited with return code 0
[2025-08-29T18:47:21.661+0000] {local_task_job.py:279} INFO - 1 downstream tasks scheduled from follow-on schedule check
