[2025-08-29T19:03:11.308+0000] {taskinstance.py:1171} INFO - Dependencies all met for <TaskInstance: etl_P2M3_muhammad_al_ghifari.extract scheduled__2025-08-09T02:30:00+00:00 [queued]>
[2025-08-29T19:03:11.611+0000] {taskinstance.py:1171} INFO - Dependencies all met for <TaskInstance: etl_P2M3_muhammad_al_ghifari.extract scheduled__2025-08-09T02:30:00+00:00 [queued]>
[2025-08-29T19:03:11.622+0000] {taskinstance.py:1368} INFO - 
--------------------------------------------------------------------------------
[2025-08-29T19:03:11.625+0000] {taskinstance.py:1369} INFO - Starting attempt 1 of 1
[2025-08-29T19:03:11.627+0000] {taskinstance.py:1370} INFO - 
--------------------------------------------------------------------------------
[2025-08-29T19:03:11.885+0000] {taskinstance.py:1389} INFO - Executing <Task(_PythonDecoratedOperator): extract> on 2025-08-09 02:30:00+00:00
[2025-08-29T19:03:11.941+0000] {standard_task_runner.py:52} INFO - Started process 243 to run task
[2025-08-29T19:03:11.990+0000] {standard_task_runner.py:79} INFO - Running: ['***', 'tasks', 'run', 'etl_P2M3_muhammad_al_ghifari', 'extract', 'scheduled__2025-08-09T02:30:00+00:00', '--job-id', '258', '--raw', '--subdir', 'DAGS_FOLDER/P2M3_muhammad_al_ghifari_DAG.py', '--cfg-path', '/tmp/tmpuy4bd_1w', '--error-file', '/tmp/tmpc53xzcn7']
[2025-08-29T19:03:12.007+0000] {standard_task_runner.py:80} INFO - Job 258: Subtask extract
[2025-08-29T19:03:16.022+0000] {task_command.py:371} INFO - Running <TaskInstance: etl_P2M3_muhammad_al_ghifari.extract scheduled__2025-08-09T02:30:00+00:00 [running]> on host dfc6b3a208a1
[2025-08-29T19:03:18.570+0000] {taskinstance.py:1583} INFO - Exporting the following env vars:
AIRFLOW_CTX_DAG_OWNER=Muhammad Al Ghifari
AIRFLOW_CTX_DAG_ID=etl_P2M3_muhammad_al_ghifari
AIRFLOW_CTX_TASK_ID=extract
AIRFLOW_CTX_EXECUTION_DATE=2025-08-09T02:30:00+00:00
AIRFLOW_CTX_TRY_NUMBER=1
AIRFLOW_CTX_DAG_RUN_ID=scheduled__2025-08-09T02:30:00+00:00
[2025-08-29T19:03:19.313+0000] {logging_mixin.py:115} INFO - Success INSERT
[2025-08-29T19:03:19.351+0000] {python.py:173} INFO - Done. Returned value was: None
[2025-08-29T19:03:19.535+0000] {taskinstance.py:1412} INFO - Marking task as SUCCESS. dag_id=etl_P2M3_muhammad_al_ghifari, task_id=extract, execution_date=20250809T023000, start_date=20250829T190311, end_date=20250829T190319
[2025-08-29T19:03:19.925+0000] {local_task_job.py:156} INFO - Task exited with return code 0
[2025-08-29T19:03:21.699+0000] {local_task_job.py:279} INFO - 0 downstream tasks scheduled from follow-on schedule check
