[2025-09-03T20:19:31.531+0000] {processor.py:153} INFO - Started process (PID=194) to work on /opt/airflow/dags/P2M3_muhammad_al_ghifari_DAG.py
[2025-09-03T20:19:31.533+0000] {processor.py:640} INFO - Processing file /opt/airflow/dags/P2M3_muhammad_al_ghifari_DAG.py for tasks to queue
[2025-09-03T20:19:31.535+0000] {logging_mixin.py:115} INFO - [2025-09-03T20:19:31.535+0000] {dagbag.py:508} INFO - Filling up the DagBag from /opt/airflow/dags/P2M3_muhammad_al_ghifari_DAG.py
[2025-09-03T20:19:32.189+0000] {processor.py:650} INFO - DAG(s) dict_keys(['ETL_P2M3_muhammad_al_ghifari']) retrieved from /opt/airflow/dags/P2M3_muhammad_al_ghifari_DAG.py
[2025-09-03T20:19:32.217+0000] {logging_mixin.py:115} INFO - [2025-09-03T20:19:32.217+0000] {dag.py:2429} INFO - Sync 1 DAGs
[2025-09-03T20:19:32.238+0000] {logging_mixin.py:115} INFO - [2025-09-03T20:19:32.238+0000] {dag.py:2981} INFO - Setting next_dagrun for ETL_P2M3_muhammad_al_ghifari to 2025-08-30T02:30:00+00:00, run_after=2025-09-06T02:10:00+00:00
[2025-09-03T20:19:32.247+0000] {processor.py:161} INFO - Processing /opt/airflow/dags/P2M3_muhammad_al_ghifari_DAG.py took 0.732 seconds
[2025-09-03T20:20:02.821+0000] {processor.py:153} INFO - Started process (PID=201) to work on /opt/airflow/dags/P2M3_muhammad_al_ghifari_DAG.py
[2025-09-03T20:20:02.824+0000] {processor.py:640} INFO - Processing file /opt/airflow/dags/P2M3_muhammad_al_ghifari_DAG.py for tasks to queue
[2025-09-03T20:20:02.829+0000] {logging_mixin.py:115} INFO - [2025-09-03T20:20:02.828+0000] {dagbag.py:508} INFO - Filling up the DagBag from /opt/airflow/dags/P2M3_muhammad_al_ghifari_DAG.py
[2025-09-03T20:20:04.042+0000] {processor.py:650} INFO - DAG(s) dict_keys(['ETL_P2M3_muhammad_al_ghifari']) retrieved from /opt/airflow/dags/P2M3_muhammad_al_ghifari_DAG.py
[2025-09-03T20:20:04.201+0000] {logging_mixin.py:115} INFO - [2025-09-03T20:20:04.197+0000] {dag.py:2429} INFO - Sync 1 DAGs
[2025-09-03T20:20:04.239+0000] {logging_mixin.py:115} INFO - [2025-09-03T20:20:04.239+0000] {dag.py:2981} INFO - Setting next_dagrun for ETL_P2M3_muhammad_al_ghifari to 2025-08-30T02:30:00+00:00, run_after=2025-09-06T02:10:00+00:00
[2025-09-03T20:20:04.249+0000] {processor.py:161} INFO - Processing /opt/airflow/dags/P2M3_muhammad_al_ghifari_DAG.py took 1.440 seconds
[2025-09-03T20:20:34.575+0000] {processor.py:153} INFO - Started process (PID=207) to work on /opt/airflow/dags/P2M3_muhammad_al_ghifari_DAG.py
[2025-09-03T20:20:34.581+0000] {processor.py:640} INFO - Processing file /opt/airflow/dags/P2M3_muhammad_al_ghifari_DAG.py for tasks to queue
[2025-09-03T20:20:34.587+0000] {logging_mixin.py:115} INFO - [2025-09-03T20:20:34.586+0000] {dagbag.py:508} INFO - Filling up the DagBag from /opt/airflow/dags/P2M3_muhammad_al_ghifari_DAG.py
[2025-09-03T20:20:37.443+0000] {processor.py:650} INFO - DAG(s) dict_keys(['ETL_P2M3_muhammad_al_ghifari']) retrieved from /opt/airflow/dags/P2M3_muhammad_al_ghifari_DAG.py
[2025-09-03T20:20:37.526+0000] {logging_mixin.py:115} INFO - [2025-09-03T20:20:37.524+0000] {dag.py:2429} INFO - Sync 1 DAGs
[2025-09-03T20:20:37.556+0000] {logging_mixin.py:115} INFO - [2025-09-03T20:20:37.556+0000] {dag.py:2981} INFO - Setting next_dagrun for ETL_P2M3_muhammad_al_ghifari to 2025-08-30T02:30:00+00:00, run_after=2025-09-06T02:10:00+00:00
[2025-09-03T20:20:37.569+0000] {processor.py:161} INFO - Processing /opt/airflow/dags/P2M3_muhammad_al_ghifari_DAG.py took 3.006 seconds
[2025-09-03T20:21:07.738+0000] {processor.py:153} INFO - Started process (PID=222) to work on /opt/airflow/dags/P2M3_muhammad_al_ghifari_DAG.py
[2025-09-03T20:21:07.744+0000] {processor.py:640} INFO - Processing file /opt/airflow/dags/P2M3_muhammad_al_ghifari_DAG.py for tasks to queue
[2025-09-03T20:21:07.749+0000] {logging_mixin.py:115} INFO - [2025-09-03T20:21:07.748+0000] {dagbag.py:508} INFO - Filling up the DagBag from /opt/airflow/dags/P2M3_muhammad_al_ghifari_DAG.py
[2025-09-03T20:21:09.512+0000] {processor.py:650} INFO - DAG(s) dict_keys(['ETL_P2M3_muhammad_al_ghifari']) retrieved from /opt/airflow/dags/P2M3_muhammad_al_ghifari_DAG.py
[2025-09-03T20:21:09.542+0000] {logging_mixin.py:115} INFO - [2025-09-03T20:21:09.540+0000] {dag.py:2429} INFO - Sync 1 DAGs
[2025-09-03T20:21:09.565+0000] {logging_mixin.py:115} INFO - [2025-09-03T20:21:09.565+0000] {dag.py:2981} INFO - Setting next_dagrun for ETL_P2M3_muhammad_al_ghifari to 2025-08-30T02:30:00+00:00, run_after=2025-09-06T02:10:00+00:00
[2025-09-03T20:21:09.573+0000] {processor.py:161} INFO - Processing /opt/airflow/dags/P2M3_muhammad_al_ghifari_DAG.py took 1.853 seconds
[2025-09-03T20:21:39.991+0000] {processor.py:153} INFO - Started process (PID=228) to work on /opt/airflow/dags/P2M3_muhammad_al_ghifari_DAG.py
[2025-09-03T20:21:39.993+0000] {processor.py:640} INFO - Processing file /opt/airflow/dags/P2M3_muhammad_al_ghifari_DAG.py for tasks to queue
[2025-09-03T20:21:39.994+0000] {logging_mixin.py:115} INFO - [2025-09-03T20:21:39.994+0000] {dagbag.py:508} INFO - Filling up the DagBag from /opt/airflow/dags/P2M3_muhammad_al_ghifari_DAG.py
[2025-09-03T20:21:40.684+0000] {processor.py:650} INFO - DAG(s) dict_keys(['ETL_P2M3_muhammad_al_ghifari']) retrieved from /opt/airflow/dags/P2M3_muhammad_al_ghifari_DAG.py
[2025-09-03T20:21:40.706+0000] {logging_mixin.py:115} INFO - [2025-09-03T20:21:40.706+0000] {dag.py:2429} INFO - Sync 1 DAGs
[2025-09-03T20:21:40.721+0000] {logging_mixin.py:115} INFO - [2025-09-03T20:21:40.721+0000] {dag.py:2981} INFO - Setting next_dagrun for ETL_P2M3_muhammad_al_ghifari to 2025-08-30T02:30:00+00:00, run_after=2025-09-06T02:10:00+00:00
[2025-09-03T20:21:40.728+0000] {processor.py:161} INFO - Processing /opt/airflow/dags/P2M3_muhammad_al_ghifari_DAG.py took 0.752 seconds
[2025-09-03T20:22:11.098+0000] {processor.py:153} INFO - Started process (PID=234) to work on /opt/airflow/dags/P2M3_muhammad_al_ghifari_DAG.py
[2025-09-03T20:22:11.103+0000] {processor.py:640} INFO - Processing file /opt/airflow/dags/P2M3_muhammad_al_ghifari_DAG.py for tasks to queue
[2025-09-03T20:22:11.106+0000] {logging_mixin.py:115} INFO - [2025-09-03T20:22:11.106+0000] {dagbag.py:508} INFO - Filling up the DagBag from /opt/airflow/dags/P2M3_muhammad_al_ghifari_DAG.py
[2025-09-03T20:22:12.314+0000] {processor.py:650} INFO - DAG(s) dict_keys(['ETL_P2M3_muhammad_al_ghifari']) retrieved from /opt/airflow/dags/P2M3_muhammad_al_ghifari_DAG.py
[2025-09-03T20:22:12.375+0000] {logging_mixin.py:115} INFO - [2025-09-03T20:22:12.374+0000] {dag.py:2429} INFO - Sync 1 DAGs
[2025-09-03T20:22:12.394+0000] {logging_mixin.py:115} INFO - [2025-09-03T20:22:12.394+0000] {dag.py:2981} INFO - Setting next_dagrun for ETL_P2M3_muhammad_al_ghifari to 2025-08-30T02:30:00+00:00, run_after=2025-09-06T02:10:00+00:00
[2025-09-03T20:22:12.404+0000] {processor.py:161} INFO - Processing /opt/airflow/dags/P2M3_muhammad_al_ghifari_DAG.py took 1.335 seconds
[2025-09-03T20:22:42.734+0000] {processor.py:153} INFO - Started process (PID=240) to work on /opt/airflow/dags/P2M3_muhammad_al_ghifari_DAG.py
[2025-09-03T20:22:42.736+0000] {processor.py:640} INFO - Processing file /opt/airflow/dags/P2M3_muhammad_al_ghifari_DAG.py for tasks to queue
[2025-09-03T20:22:42.738+0000] {logging_mixin.py:115} INFO - [2025-09-03T20:22:42.737+0000] {dagbag.py:508} INFO - Filling up the DagBag from /opt/airflow/dags/P2M3_muhammad_al_ghifari_DAG.py
[2025-09-03T20:22:44.179+0000] {processor.py:650} INFO - DAG(s) dict_keys(['ETL_P2M3_muhammad_al_ghifari']) retrieved from /opt/airflow/dags/P2M3_muhammad_al_ghifari_DAG.py
[2025-09-03T20:22:44.239+0000] {logging_mixin.py:115} INFO - [2025-09-03T20:22:44.239+0000] {dag.py:2429} INFO - Sync 1 DAGs
[2025-09-03T20:22:44.259+0000] {logging_mixin.py:115} INFO - [2025-09-03T20:22:44.259+0000] {dag.py:2981} INFO - Setting next_dagrun for ETL_P2M3_muhammad_al_ghifari to 2025-08-30T02:30:00+00:00, run_after=2025-09-06T02:10:00+00:00
[2025-09-03T20:22:44.272+0000] {processor.py:161} INFO - Processing /opt/airflow/dags/P2M3_muhammad_al_ghifari_DAG.py took 1.575 seconds
[2025-09-03T20:23:14.591+0000] {processor.py:153} INFO - Started process (PID=246) to work on /opt/airflow/dags/P2M3_muhammad_al_ghifari_DAG.py
[2025-09-03T20:23:14.593+0000] {processor.py:640} INFO - Processing file /opt/airflow/dags/P2M3_muhammad_al_ghifari_DAG.py for tasks to queue
[2025-09-03T20:23:14.595+0000] {logging_mixin.py:115} INFO - [2025-09-03T20:23:14.594+0000] {dagbag.py:508} INFO - Filling up the DagBag from /opt/airflow/dags/P2M3_muhammad_al_ghifari_DAG.py
[2025-09-03T20:23:15.362+0000] {processor.py:650} INFO - DAG(s) dict_keys(['ETL_P2M3_muhammad_al_ghifari']) retrieved from /opt/airflow/dags/P2M3_muhammad_al_ghifari_DAG.py
[2025-09-03T20:23:15.427+0000] {logging_mixin.py:115} INFO - [2025-09-03T20:23:15.426+0000] {dag.py:2429} INFO - Sync 1 DAGs
[2025-09-03T20:23:15.456+0000] {logging_mixin.py:115} INFO - [2025-09-03T20:23:15.456+0000] {dag.py:2981} INFO - Setting next_dagrun for ETL_P2M3_muhammad_al_ghifari to 2025-08-30T02:30:00+00:00, run_after=2025-09-06T02:10:00+00:00
[2025-09-03T20:23:15.468+0000] {processor.py:161} INFO - Processing /opt/airflow/dags/P2M3_muhammad_al_ghifari_DAG.py took 0.909 seconds
[2025-09-03T20:23:45.879+0000] {processor.py:153} INFO - Started process (PID=252) to work on /opt/airflow/dags/P2M3_muhammad_al_ghifari_DAG.py
[2025-09-03T20:23:45.880+0000] {processor.py:640} INFO - Processing file /opt/airflow/dags/P2M3_muhammad_al_ghifari_DAG.py for tasks to queue
[2025-09-03T20:23:45.881+0000] {logging_mixin.py:115} INFO - [2025-09-03T20:23:45.881+0000] {dagbag.py:508} INFO - Filling up the DagBag from /opt/airflow/dags/P2M3_muhammad_al_ghifari_DAG.py
[2025-09-03T20:23:46.705+0000] {processor.py:650} INFO - DAG(s) dict_keys(['ETL_P2M3_muhammad_al_ghifari']) retrieved from /opt/airflow/dags/P2M3_muhammad_al_ghifari_DAG.py
[2025-09-03T20:23:46.735+0000] {logging_mixin.py:115} INFO - [2025-09-03T20:23:46.735+0000] {dag.py:2429} INFO - Sync 1 DAGs
[2025-09-03T20:23:46.752+0000] {logging_mixin.py:115} INFO - [2025-09-03T20:23:46.752+0000] {dag.py:2981} INFO - Setting next_dagrun for ETL_P2M3_muhammad_al_ghifari to 2025-08-30T02:30:00+00:00, run_after=2025-09-06T02:10:00+00:00
[2025-09-03T20:23:46.760+0000] {processor.py:161} INFO - Processing /opt/airflow/dags/P2M3_muhammad_al_ghifari_DAG.py took 0.887 seconds
[2025-09-03T20:24:17.252+0000] {processor.py:153} INFO - Started process (PID=258) to work on /opt/airflow/dags/P2M3_muhammad_al_ghifari_DAG.py
[2025-09-03T20:24:17.257+0000] {processor.py:640} INFO - Processing file /opt/airflow/dags/P2M3_muhammad_al_ghifari_DAG.py for tasks to queue
[2025-09-03T20:24:17.258+0000] {logging_mixin.py:115} INFO - [2025-09-03T20:24:17.257+0000] {dagbag.py:508} INFO - Filling up the DagBag from /opt/airflow/dags/P2M3_muhammad_al_ghifari_DAG.py
[2025-09-03T20:24:17.893+0000] {processor.py:650} INFO - DAG(s) dict_keys(['ETL_P2M3_muhammad_al_ghifari']) retrieved from /opt/airflow/dags/P2M3_muhammad_al_ghifari_DAG.py
[2025-09-03T20:24:17.927+0000] {logging_mixin.py:115} INFO - [2025-09-03T20:24:17.927+0000] {dag.py:2429} INFO - Sync 1 DAGs
[2025-09-03T20:24:17.948+0000] {logging_mixin.py:115} INFO - [2025-09-03T20:24:17.948+0000] {dag.py:2981} INFO - Setting next_dagrun for ETL_P2M3_muhammad_al_ghifari to 2025-08-30T02:30:00+00:00, run_after=2025-09-06T02:10:00+00:00
[2025-09-03T20:24:17.956+0000] {processor.py:161} INFO - Processing /opt/airflow/dags/P2M3_muhammad_al_ghifari_DAG.py took 0.714 seconds
[2025-09-03T20:24:48.269+0000] {processor.py:153} INFO - Started process (PID=264) to work on /opt/airflow/dags/P2M3_muhammad_al_ghifari_DAG.py
[2025-09-03T20:24:48.271+0000] {processor.py:640} INFO - Processing file /opt/airflow/dags/P2M3_muhammad_al_ghifari_DAG.py for tasks to queue
[2025-09-03T20:24:48.272+0000] {logging_mixin.py:115} INFO - [2025-09-03T20:24:48.272+0000] {dagbag.py:508} INFO - Filling up the DagBag from /opt/airflow/dags/P2M3_muhammad_al_ghifari_DAG.py
[2025-09-03T20:24:48.751+0000] {processor.py:650} INFO - DAG(s) dict_keys(['ETL_P2M3_muhammad_al_ghifari']) retrieved from /opt/airflow/dags/P2M3_muhammad_al_ghifari_DAG.py
[2025-09-03T20:24:48.774+0000] {logging_mixin.py:115} INFO - [2025-09-03T20:24:48.773+0000] {dag.py:2429} INFO - Sync 1 DAGs
[2025-09-03T20:24:48.788+0000] {logging_mixin.py:115} INFO - [2025-09-03T20:24:48.788+0000] {dag.py:2981} INFO - Setting next_dagrun for ETL_P2M3_muhammad_al_ghifari to 2025-08-30T02:30:00+00:00, run_after=2025-09-06T02:10:00+00:00
[2025-09-03T20:24:48.794+0000] {processor.py:161} INFO - Processing /opt/airflow/dags/P2M3_muhammad_al_ghifari_DAG.py took 0.535 seconds
[2025-09-03T20:25:19.017+0000] {processor.py:153} INFO - Started process (PID=270) to work on /opt/airflow/dags/P2M3_muhammad_al_ghifari_DAG.py
[2025-09-03T20:25:19.021+0000] {processor.py:640} INFO - Processing file /opt/airflow/dags/P2M3_muhammad_al_ghifari_DAG.py for tasks to queue
[2025-09-03T20:25:19.022+0000] {logging_mixin.py:115} INFO - [2025-09-03T20:25:19.022+0000] {dagbag.py:508} INFO - Filling up the DagBag from /opt/airflow/dags/P2M3_muhammad_al_ghifari_DAG.py
[2025-09-03T20:25:19.756+0000] {processor.py:650} INFO - DAG(s) dict_keys(['ETL_P2M3_muhammad_al_ghifari']) retrieved from /opt/airflow/dags/P2M3_muhammad_al_ghifari_DAG.py
[2025-09-03T20:25:19.800+0000] {logging_mixin.py:115} INFO - [2025-09-03T20:25:19.799+0000] {dag.py:2429} INFO - Sync 1 DAGs
[2025-09-03T20:25:19.817+0000] {logging_mixin.py:115} INFO - [2025-09-03T20:25:19.817+0000] {dag.py:2981} INFO - Setting next_dagrun for ETL_P2M3_muhammad_al_ghifari to 2025-08-30T02:30:00+00:00, run_after=2025-09-06T02:10:00+00:00
[2025-09-03T20:25:19.823+0000] {processor.py:161} INFO - Processing /opt/airflow/dags/P2M3_muhammad_al_ghifari_DAG.py took 0.815 seconds
[2025-09-03T20:25:49.961+0000] {processor.py:153} INFO - Started process (PID=276) to work on /opt/airflow/dags/P2M3_muhammad_al_ghifari_DAG.py
[2025-09-03T20:25:49.962+0000] {processor.py:640} INFO - Processing file /opt/airflow/dags/P2M3_muhammad_al_ghifari_DAG.py for tasks to queue
[2025-09-03T20:25:49.963+0000] {logging_mixin.py:115} INFO - [2025-09-03T20:25:49.963+0000] {dagbag.py:508} INFO - Filling up the DagBag from /opt/airflow/dags/P2M3_muhammad_al_ghifari_DAG.py
[2025-09-03T20:25:50.437+0000] {processor.py:650} INFO - DAG(s) dict_keys(['ETL_P2M3_muhammad_al_ghifari']) retrieved from /opt/airflow/dags/P2M3_muhammad_al_ghifari_DAG.py
[2025-09-03T20:25:50.453+0000] {logging_mixin.py:115} INFO - [2025-09-03T20:25:50.453+0000] {dag.py:2429} INFO - Sync 1 DAGs
[2025-09-03T20:25:50.465+0000] {logging_mixin.py:115} INFO - [2025-09-03T20:25:50.465+0000] {dag.py:2981} INFO - Setting next_dagrun for ETL_P2M3_muhammad_al_ghifari to 2025-08-30T02:30:00+00:00, run_after=2025-09-06T02:10:00+00:00
[2025-09-03T20:25:50.470+0000] {processor.py:161} INFO - Processing /opt/airflow/dags/P2M3_muhammad_al_ghifari_DAG.py took 0.518 seconds
[2025-09-03T20:26:20.713+0000] {processor.py:153} INFO - Started process (PID=282) to work on /opt/airflow/dags/P2M3_muhammad_al_ghifari_DAG.py
[2025-09-03T20:26:20.715+0000] {processor.py:640} INFO - Processing file /opt/airflow/dags/P2M3_muhammad_al_ghifari_DAG.py for tasks to queue
[2025-09-03T20:26:20.716+0000] {logging_mixin.py:115} INFO - [2025-09-03T20:26:20.716+0000] {dagbag.py:508} INFO - Filling up the DagBag from /opt/airflow/dags/P2M3_muhammad_al_ghifari_DAG.py
[2025-09-03T20:26:21.110+0000] {processor.py:650} INFO - DAG(s) dict_keys(['ETL_P2M3_muhammad_al_ghifari']) retrieved from /opt/airflow/dags/P2M3_muhammad_al_ghifari_DAG.py
[2025-09-03T20:26:21.128+0000] {logging_mixin.py:115} INFO - [2025-09-03T20:26:21.127+0000] {dag.py:2429} INFO - Sync 1 DAGs
[2025-09-03T20:26:21.143+0000] {logging_mixin.py:115} INFO - [2025-09-03T20:26:21.143+0000] {dag.py:2981} INFO - Setting next_dagrun for ETL_P2M3_muhammad_al_ghifari to 2025-08-30T02:30:00+00:00, run_after=2025-09-06T02:10:00+00:00
[2025-09-03T20:26:21.149+0000] {processor.py:161} INFO - Processing /opt/airflow/dags/P2M3_muhammad_al_ghifari_DAG.py took 0.442 seconds
[2025-09-03T20:26:51.506+0000] {processor.py:153} INFO - Started process (PID=288) to work on /opt/airflow/dags/P2M3_muhammad_al_ghifari_DAG.py
[2025-09-03T20:26:51.508+0000] {processor.py:640} INFO - Processing file /opt/airflow/dags/P2M3_muhammad_al_ghifari_DAG.py for tasks to queue
[2025-09-03T20:26:51.509+0000] {logging_mixin.py:115} INFO - [2025-09-03T20:26:51.508+0000] {dagbag.py:508} INFO - Filling up the DagBag from /opt/airflow/dags/P2M3_muhammad_al_ghifari_DAG.py
[2025-09-03T20:26:52.041+0000] {processor.py:650} INFO - DAG(s) dict_keys(['ETL_P2M3_muhammad_al_ghifari']) retrieved from /opt/airflow/dags/P2M3_muhammad_al_ghifari_DAG.py
[2025-09-03T20:26:52.071+0000] {logging_mixin.py:115} INFO - [2025-09-03T20:26:52.071+0000] {dag.py:2429} INFO - Sync 1 DAGs
[2025-09-03T20:26:52.088+0000] {logging_mixin.py:115} INFO - [2025-09-03T20:26:52.088+0000] {dag.py:2981} INFO - Setting next_dagrun for ETL_P2M3_muhammad_al_ghifari to 2025-08-30T02:30:00+00:00, run_after=2025-09-06T02:10:00+00:00
[2025-09-03T20:26:52.095+0000] {processor.py:161} INFO - Processing /opt/airflow/dags/P2M3_muhammad_al_ghifari_DAG.py took 0.597 seconds
[2025-09-03T20:27:22.414+0000] {processor.py:153} INFO - Started process (PID=294) to work on /opt/airflow/dags/P2M3_muhammad_al_ghifari_DAG.py
[2025-09-03T20:27:22.418+0000] {processor.py:640} INFO - Processing file /opt/airflow/dags/P2M3_muhammad_al_ghifari_DAG.py for tasks to queue
[2025-09-03T20:27:22.420+0000] {logging_mixin.py:115} INFO - [2025-09-03T20:27:22.419+0000] {dagbag.py:508} INFO - Filling up the DagBag from /opt/airflow/dags/P2M3_muhammad_al_ghifari_DAG.py
[2025-09-03T20:27:22.949+0000] {processor.py:650} INFO - DAG(s) dict_keys(['ETL_P2M3_muhammad_al_ghifari']) retrieved from /opt/airflow/dags/P2M3_muhammad_al_ghifari_DAG.py
[2025-09-03T20:27:22.981+0000] {logging_mixin.py:115} INFO - [2025-09-03T20:27:22.981+0000] {dag.py:2429} INFO - Sync 1 DAGs
[2025-09-03T20:27:22.998+0000] {logging_mixin.py:115} INFO - [2025-09-03T20:27:22.998+0000] {dag.py:2981} INFO - Setting next_dagrun for ETL_P2M3_muhammad_al_ghifari to 2025-08-30T02:30:00+00:00, run_after=2025-09-06T02:10:00+00:00
[2025-09-03T20:27:23.005+0000] {processor.py:161} INFO - Processing /opt/airflow/dags/P2M3_muhammad_al_ghifari_DAG.py took 0.600 seconds
[2025-09-03T20:27:53.242+0000] {processor.py:153} INFO - Started process (PID=300) to work on /opt/airflow/dags/P2M3_muhammad_al_ghifari_DAG.py
[2025-09-03T20:27:53.244+0000] {processor.py:640} INFO - Processing file /opt/airflow/dags/P2M3_muhammad_al_ghifari_DAG.py for tasks to queue
[2025-09-03T20:27:53.244+0000] {logging_mixin.py:115} INFO - [2025-09-03T20:27:53.244+0000] {dagbag.py:508} INFO - Filling up the DagBag from /opt/airflow/dags/P2M3_muhammad_al_ghifari_DAG.py
[2025-09-03T20:27:53.778+0000] {processor.py:650} INFO - DAG(s) dict_keys(['ETL_P2M3_muhammad_al_ghifari']) retrieved from /opt/airflow/dags/P2M3_muhammad_al_ghifari_DAG.py
[2025-09-03T20:27:53.807+0000] {logging_mixin.py:115} INFO - [2025-09-03T20:27:53.807+0000] {dag.py:2429} INFO - Sync 1 DAGs
[2025-09-03T20:27:53.819+0000] {logging_mixin.py:115} INFO - [2025-09-03T20:27:53.819+0000] {dag.py:2981} INFO - Setting next_dagrun for ETL_P2M3_muhammad_al_ghifari to 2025-08-30T02:30:00+00:00, run_after=2025-09-06T02:10:00+00:00
[2025-09-03T20:27:53.825+0000] {processor.py:161} INFO - Processing /opt/airflow/dags/P2M3_muhammad_al_ghifari_DAG.py took 0.591 seconds
[2025-09-03T20:28:24.724+0000] {processor.py:153} INFO - Started process (PID=306) to work on /opt/airflow/dags/P2M3_muhammad_al_ghifari_DAG.py
[2025-09-03T20:28:24.726+0000] {processor.py:640} INFO - Processing file /opt/airflow/dags/P2M3_muhammad_al_ghifari_DAG.py for tasks to queue
[2025-09-03T20:28:24.727+0000] {logging_mixin.py:115} INFO - [2025-09-03T20:28:24.727+0000] {dagbag.py:508} INFO - Filling up the DagBag from /opt/airflow/dags/P2M3_muhammad_al_ghifari_DAG.py
[2025-09-03T20:28:25.812+0000] {processor.py:650} INFO - DAG(s) dict_keys(['ETL_P2M3_muhammad_al_ghifari']) retrieved from /opt/airflow/dags/P2M3_muhammad_al_ghifari_DAG.py
[2025-09-03T20:28:25.852+0000] {logging_mixin.py:115} INFO - [2025-09-03T20:28:25.851+0000] {dag.py:2429} INFO - Sync 1 DAGs
[2025-09-03T20:28:25.869+0000] {logging_mixin.py:115} INFO - [2025-09-03T20:28:25.869+0000] {dag.py:2981} INFO - Setting next_dagrun for ETL_P2M3_muhammad_al_ghifari to 2025-08-30T02:30:00+00:00, run_after=2025-09-06T02:10:00+00:00
[2025-09-03T20:28:25.877+0000] {processor.py:161} INFO - Processing /opt/airflow/dags/P2M3_muhammad_al_ghifari_DAG.py took 1.165 seconds
[2025-09-03T20:28:56.032+0000] {processor.py:153} INFO - Started process (PID=312) to work on /opt/airflow/dags/P2M3_muhammad_al_ghifari_DAG.py
[2025-09-03T20:28:56.035+0000] {processor.py:640} INFO - Processing file /opt/airflow/dags/P2M3_muhammad_al_ghifari_DAG.py for tasks to queue
[2025-09-03T20:28:56.037+0000] {logging_mixin.py:115} INFO - [2025-09-03T20:28:56.036+0000] {dagbag.py:508} INFO - Filling up the DagBag from /opt/airflow/dags/P2M3_muhammad_al_ghifari_DAG.py
[2025-09-03T20:28:56.549+0000] {processor.py:650} INFO - DAG(s) dict_keys(['ETL_P2M3_muhammad_al_ghifari']) retrieved from /opt/airflow/dags/P2M3_muhammad_al_ghifari_DAG.py
[2025-09-03T20:28:56.579+0000] {logging_mixin.py:115} INFO - [2025-09-03T20:28:56.579+0000] {dag.py:2429} INFO - Sync 1 DAGs
[2025-09-03T20:28:56.597+0000] {logging_mixin.py:115} INFO - [2025-09-03T20:28:56.597+0000] {dag.py:2981} INFO - Setting next_dagrun for ETL_P2M3_muhammad_al_ghifari to 2025-08-30T02:30:00+00:00, run_after=2025-09-06T02:10:00+00:00
[2025-09-03T20:28:56.603+0000] {processor.py:161} INFO - Processing /opt/airflow/dags/P2M3_muhammad_al_ghifari_DAG.py took 0.583 seconds
[2025-09-03T20:29:26.860+0000] {processor.py:153} INFO - Started process (PID=318) to work on /opt/airflow/dags/P2M3_muhammad_al_ghifari_DAG.py
[2025-09-03T20:29:26.861+0000] {processor.py:640} INFO - Processing file /opt/airflow/dags/P2M3_muhammad_al_ghifari_DAG.py for tasks to queue
[2025-09-03T20:29:26.862+0000] {logging_mixin.py:115} INFO - [2025-09-03T20:29:26.862+0000] {dagbag.py:508} INFO - Filling up the DagBag from /opt/airflow/dags/P2M3_muhammad_al_ghifari_DAG.py
[2025-09-03T20:29:27.407+0000] {processor.py:650} INFO - DAG(s) dict_keys(['ETL_P2M3_muhammad_al_ghifari']) retrieved from /opt/airflow/dags/P2M3_muhammad_al_ghifari_DAG.py
[2025-09-03T20:29:27.438+0000] {logging_mixin.py:115} INFO - [2025-09-03T20:29:27.438+0000] {dag.py:2429} INFO - Sync 1 DAGs
[2025-09-03T20:29:27.457+0000] {logging_mixin.py:115} INFO - [2025-09-03T20:29:27.457+0000] {dag.py:2981} INFO - Setting next_dagrun for ETL_P2M3_muhammad_al_ghifari to 2025-08-30T02:30:00+00:00, run_after=2025-09-06T02:10:00+00:00
[2025-09-03T20:29:27.464+0000] {processor.py:161} INFO - Processing /opt/airflow/dags/P2M3_muhammad_al_ghifari_DAG.py took 0.610 seconds
[2025-09-03T20:29:57.684+0000] {processor.py:153} INFO - Started process (PID=324) to work on /opt/airflow/dags/P2M3_muhammad_al_ghifari_DAG.py
[2025-09-03T20:29:57.686+0000] {processor.py:640} INFO - Processing file /opt/airflow/dags/P2M3_muhammad_al_ghifari_DAG.py for tasks to queue
[2025-09-03T20:29:57.687+0000] {logging_mixin.py:115} INFO - [2025-09-03T20:29:57.686+0000] {dagbag.py:508} INFO - Filling up the DagBag from /opt/airflow/dags/P2M3_muhammad_al_ghifari_DAG.py
[2025-09-03T20:29:58.212+0000] {processor.py:650} INFO - DAG(s) dict_keys(['ETL_P2M3_muhammad_al_ghifari']) retrieved from /opt/airflow/dags/P2M3_muhammad_al_ghifari_DAG.py
[2025-09-03T20:29:58.233+0000] {logging_mixin.py:115} INFO - [2025-09-03T20:29:58.233+0000] {dag.py:2429} INFO - Sync 1 DAGs
[2025-09-03T20:29:58.247+0000] {logging_mixin.py:115} INFO - [2025-09-03T20:29:58.247+0000] {dag.py:2981} INFO - Setting next_dagrun for ETL_P2M3_muhammad_al_ghifari to 2025-08-30T02:30:00+00:00, run_after=2025-09-06T02:10:00+00:00
[2025-09-03T20:29:58.253+0000] {processor.py:161} INFO - Processing /opt/airflow/dags/P2M3_muhammad_al_ghifari_DAG.py took 0.586 seconds
[2025-09-03T20:30:28.584+0000] {processor.py:153} INFO - Started process (PID=330) to work on /opt/airflow/dags/P2M3_muhammad_al_ghifari_DAG.py
[2025-09-03T20:30:28.590+0000] {processor.py:640} INFO - Processing file /opt/airflow/dags/P2M3_muhammad_al_ghifari_DAG.py for tasks to queue
[2025-09-03T20:30:28.593+0000] {logging_mixin.py:115} INFO - [2025-09-03T20:30:28.592+0000] {dagbag.py:508} INFO - Filling up the DagBag from /opt/airflow/dags/P2M3_muhammad_al_ghifari_DAG.py
[2025-09-03T20:30:29.142+0000] {processor.py:650} INFO - DAG(s) dict_keys(['ETL_P2M3_muhammad_al_ghifari']) retrieved from /opt/airflow/dags/P2M3_muhammad_al_ghifari_DAG.py
[2025-09-03T20:30:29.166+0000] {logging_mixin.py:115} INFO - [2025-09-03T20:30:29.165+0000] {dag.py:2429} INFO - Sync 1 DAGs
[2025-09-03T20:30:29.180+0000] {logging_mixin.py:115} INFO - [2025-09-03T20:30:29.180+0000] {dag.py:2981} INFO - Setting next_dagrun for ETL_P2M3_muhammad_al_ghifari to 2025-08-30T02:30:00+00:00, run_after=2025-09-06T02:10:00+00:00
[2025-09-03T20:30:29.186+0000] {processor.py:161} INFO - Processing /opt/airflow/dags/P2M3_muhammad_al_ghifari_DAG.py took 0.612 seconds
