[2025-08-30T11:40:02.430+0000] {taskinstance.py:1171} INFO - Dependencies all met for <TaskInstance: etl_P2M3_muhammad_al_ghifari.extract manual__2025-08-30T11:39:59.825010+00:00 [queued]>
[2025-08-30T11:40:02.439+0000] {taskinstance.py:1171} INFO - Dependencies all met for <TaskInstance: etl_P2M3_muhammad_al_ghifari.extract manual__2025-08-30T11:39:59.825010+00:00 [queued]>
[2025-08-30T11:40:02.440+0000] {taskinstance.py:1368} INFO - 
--------------------------------------------------------------------------------
[2025-08-30T11:40:02.440+0000] {taskinstance.py:1369} INFO - Starting attempt 1 of 1
[2025-08-30T11:40:02.440+0000] {taskinstance.py:1370} INFO - 
--------------------------------------------------------------------------------
[2025-08-30T11:40:02.447+0000] {taskinstance.py:1389} INFO - Executing <Task(_PythonDecoratedOperator): extract> on 2025-08-30 11:39:59.825010+00:00
[2025-08-30T11:40:02.451+0000] {standard_task_runner.py:52} INFO - Started process 195 to run task
[2025-08-30T11:40:02.454+0000] {standard_task_runner.py:79} INFO - Running: ['***', 'tasks', 'run', 'etl_P2M3_muhammad_al_ghifari', 'extract', 'manual__2025-08-30T11:39:59.825010+00:00', '--job-id', '302', '--raw', '--subdir', 'DAGS_FOLDER/P2M3_muhammad_al_ghifari_DAG.py', '--cfg-path', '/tmp/tmpypttm5op', '--error-file', '/tmp/tmpe71vd273']
[2025-08-30T11:40:02.459+0000] {standard_task_runner.py:80} INFO - Job 302: Subtask extract
[2025-08-30T11:40:02.514+0000] {task_command.py:371} INFO - Running <TaskInstance: etl_P2M3_muhammad_al_ghifari.extract manual__2025-08-30T11:39:59.825010+00:00 [running]> on host e16607c3436f
[2025-08-30T11:40:02.599+0000] {taskinstance.py:1583} INFO - Exporting the following env vars:
AIRFLOW_CTX_DAG_OWNER=Muhammad Al Ghifari
AIRFLOW_CTX_DAG_ID=etl_P2M3_muhammad_al_ghifari
AIRFLOW_CTX_TASK_ID=extract
AIRFLOW_CTX_EXECUTION_DATE=2025-08-30T11:39:59.825010+00:00
AIRFLOW_CTX_TRY_NUMBER=1
AIRFLOW_CTX_DAG_RUN_ID=manual__2025-08-30T11:39:59.825010+00:00
[2025-08-30T11:40:02.663+0000] {logging_mixin.py:115} INFO - Success INSERT
[2025-08-30T11:40:02.665+0000] {python.py:173} INFO - Done. Returned value was: None
[2025-08-30T11:40:02.686+0000] {taskinstance.py:1412} INFO - Marking task as SUCCESS. dag_id=etl_P2M3_muhammad_al_ghifari, task_id=extract, execution_date=20250830T113959, start_date=20250830T114002, end_date=20250830T114002
[2025-08-30T11:40:02.723+0000] {local_task_job.py:156} INFO - Task exited with return code 0
[2025-08-30T11:40:02.759+0000] {local_task_job.py:279} INFO - 1 downstream tasks scheduled from follow-on schedule check
