[2025-08-29T18:44:05.913+0000] {taskinstance.py:1171} INFO - Dependencies all met for <TaskInstance: etl_P2M3_muhammad_al_ghifari.extract scheduled__2025-04-26T02:10:00+00:00 [queued]>
[2025-08-29T18:44:05.968+0000] {taskinstance.py:1171} INFO - Dependencies all met for <TaskInstance: etl_P2M3_muhammad_al_ghifari.extract scheduled__2025-04-26T02:10:00+00:00 [queued]>
[2025-08-29T18:44:05.969+0000] {taskinstance.py:1368} INFO - 
--------------------------------------------------------------------------------
[2025-08-29T18:44:05.972+0000] {taskinstance.py:1369} INFO - Starting attempt 1 of 1
[2025-08-29T18:44:05.973+0000] {taskinstance.py:1370} INFO - 
--------------------------------------------------------------------------------
[2025-08-29T18:44:06.042+0000] {taskinstance.py:1389} INFO - Executing <Task(_PythonDecoratedOperator): extract> on 2025-04-26 02:10:00+00:00
[2025-08-29T18:44:06.100+0000] {standard_task_runner.py:52} INFO - Started process 820 to run task
[2025-08-29T18:44:06.119+0000] {standard_task_runner.py:79} INFO - Running: ['***', 'tasks', 'run', 'etl_P2M3_muhammad_al_ghifari', 'extract', 'scheduled__2025-04-26T02:10:00+00:00', '--job-id', '172', '--raw', '--subdir', 'DAGS_FOLDER/P2M3_muhammad_al_ghifari_DAG.py', '--cfg-path', '/tmp/tmpazf2psa3', '--error-file', '/tmp/tmp6df6qndh']
[2025-08-29T18:44:06.122+0000] {standard_task_runner.py:80} INFO - Job 172: Subtask extract
[2025-08-29T18:44:06.599+0000] {task_command.py:371} INFO - Running <TaskInstance: etl_P2M3_muhammad_al_ghifari.extract scheduled__2025-04-26T02:10:00+00:00 [running]> on host 30531155033d
[2025-08-29T18:44:07.280+0000] {taskinstance.py:1583} INFO - Exporting the following env vars:
AIRFLOW_CTX_DAG_OWNER=Muhammad Al Ghifari
AIRFLOW_CTX_DAG_ID=etl_P2M3_muhammad_al_ghifari
AIRFLOW_CTX_TASK_ID=extract
AIRFLOW_CTX_EXECUTION_DATE=2025-04-26T02:10:00+00:00
AIRFLOW_CTX_TRY_NUMBER=1
AIRFLOW_CTX_DAG_RUN_ID=scheduled__2025-04-26T02:10:00+00:00
[2025-08-29T18:44:07.688+0000] {logging_mixin.py:115} INFO - Success INSERT
[2025-08-29T18:44:07.708+0000] {python.py:173} INFO - Done. Returned value was: None
[2025-08-29T18:44:07.803+0000] {taskinstance.py:1412} INFO - Marking task as SUCCESS. dag_id=etl_P2M3_muhammad_al_ghifari, task_id=extract, execution_date=20250426T021000, start_date=20250829T184405, end_date=20250829T184407
[2025-08-29T18:44:07.895+0000] {local_task_job.py:156} INFO - Task exited with return code 0
[2025-08-29T18:44:08.141+0000] {local_task_job.py:279} INFO - 1 downstream tasks scheduled from follow-on schedule check
