[2025-08-30T13:32:52.318+0000] {taskinstance.py:1171} INFO - Dependencies all met for <TaskInstance: ETL_P2M3_muhammad_al_ghifari.extract manual__2025-08-30T13:32:50.050425+00:00 [queued]>
[2025-08-30T13:32:52.324+0000] {taskinstance.py:1171} INFO - Dependencies all met for <TaskInstance: ETL_P2M3_muhammad_al_ghifari.extract manual__2025-08-30T13:32:50.050425+00:00 [queued]>
[2025-08-30T13:32:52.324+0000] {taskinstance.py:1368} INFO - 
--------------------------------------------------------------------------------
[2025-08-30T13:32:52.324+0000] {taskinstance.py:1369} INFO - Starting attempt 1 of 1
[2025-08-30T13:32:52.324+0000] {taskinstance.py:1370} INFO - 
--------------------------------------------------------------------------------
[2025-08-30T13:32:52.335+0000] {taskinstance.py:1389} INFO - Executing <Task(_PythonDecoratedOperator): extract> on 2025-08-30 13:32:50.050425+00:00
[2025-08-30T13:32:52.341+0000] {standard_task_runner.py:52} INFO - Started process 508 to run task
[2025-08-30T13:32:52.350+0000] {standard_task_runner.py:79} INFO - Running: ['***', 'tasks', 'run', 'ETL_P2M3_muhammad_al_ghifari', 'extract', 'manual__2025-08-30T13:32:50.050425+00:00', '--job-id', '317', '--raw', '--subdir', 'DAGS_FOLDER/P2M3_muhammad_al_ghifari_DAG.py', '--cfg-path', '/tmp/tmpuzx4u1rv', '--error-file', '/tmp/tmp4bgydfdc']
[2025-08-30T13:32:52.352+0000] {standard_task_runner.py:80} INFO - Job 317: Subtask extract
[2025-08-30T13:32:52.461+0000] {task_command.py:371} INFO - Running <TaskInstance: ETL_P2M3_muhammad_al_ghifari.extract manual__2025-08-30T13:32:50.050425+00:00 [running]> on host 6d024bb18c43
[2025-08-30T13:32:52.534+0000] {taskinstance.py:1583} INFO - Exporting the following env vars:
AIRFLOW_CTX_DAG_OWNER=Muhammad Al Ghifari
AIRFLOW_CTX_DAG_ID=ETL_P2M3_muhammad_al_ghifari
AIRFLOW_CTX_TASK_ID=extract
AIRFLOW_CTX_EXECUTION_DATE=2025-08-30T13:32:50.050425+00:00
AIRFLOW_CTX_TRY_NUMBER=1
AIRFLOW_CTX_DAG_RUN_ID=manual__2025-08-30T13:32:50.050425+00:00
[2025-08-30T13:32:52.571+0000] {logging_mixin.py:115} INFO - Success INSERT
[2025-08-30T13:32:52.571+0000] {python.py:173} INFO - Done. Returned value was: None
[2025-08-30T13:32:52.584+0000] {taskinstance.py:1412} INFO - Marking task as SUCCESS. dag_id=ETL_P2M3_muhammad_al_ghifari, task_id=extract, execution_date=20250830T133250, start_date=20250830T133252, end_date=20250830T133252
[2025-08-30T13:32:52.606+0000] {local_task_job.py:156} INFO - Task exited with return code 0
[2025-08-30T13:32:52.633+0000] {local_task_job.py:279} INFO - 1 downstream tasks scheduled from follow-on schedule check
