[2025-08-29T18:38:12.255+0000] {taskinstance.py:1171} INFO - Dependencies all met for <TaskInstance: etl_P2M3_muhammad_al_ghifari.extract scheduled__2024-11-02T02:10:00+00:00 [queued]>
[2025-08-29T18:38:12.320+0000] {taskinstance.py:1171} INFO - Dependencies all met for <TaskInstance: etl_P2M3_muhammad_al_ghifari.extract scheduled__2024-11-02T02:10:00+00:00 [queued]>
[2025-08-29T18:38:12.323+0000] {taskinstance.py:1368} INFO - 
--------------------------------------------------------------------------------
[2025-08-29T18:38:12.324+0000] {taskinstance.py:1369} INFO - Starting attempt 1 of 1
[2025-08-29T18:38:12.324+0000] {taskinstance.py:1370} INFO - 
--------------------------------------------------------------------------------
[2025-08-29T18:38:12.472+0000] {taskinstance.py:1389} INFO - Executing <Task(_PythonDecoratedOperator): extract> on 2024-11-02 02:10:00+00:00
[2025-08-29T18:38:12.503+0000] {standard_task_runner.py:52} INFO - Started process 273 to run task
[2025-08-29T18:38:12.535+0000] {standard_task_runner.py:79} INFO - Running: ['***', 'tasks', 'run', 'etl_P2M3_muhammad_al_ghifari', 'extract', 'scheduled__2024-11-02T02:10:00+00:00', '--job-id', '5', '--raw', '--subdir', 'DAGS_FOLDER/P2M3_muhammad_al_ghifari_DAG.py', '--cfg-path', '/tmp/tmpd47j6te2', '--error-file', '/tmp/tmp1upl98a3']
[2025-08-29T18:38:12.542+0000] {standard_task_runner.py:80} INFO - Job 5: Subtask extract
[2025-08-29T18:38:12.918+0000] {task_command.py:371} INFO - Running <TaskInstance: etl_P2M3_muhammad_al_ghifari.extract scheduled__2024-11-02T02:10:00+00:00 [running]> on host 30531155033d
[2025-08-29T18:38:13.388+0000] {taskinstance.py:1583} INFO - Exporting the following env vars:
AIRFLOW_CTX_DAG_OWNER=Muhammad Al Ghifari
AIRFLOW_CTX_DAG_ID=etl_P2M3_muhammad_al_ghifari
AIRFLOW_CTX_TASK_ID=extract
AIRFLOW_CTX_EXECUTION_DATE=2024-11-02T02:10:00+00:00
AIRFLOW_CTX_TRY_NUMBER=1
AIRFLOW_CTX_DAG_RUN_ID=scheduled__2024-11-02T02:10:00+00:00
[2025-08-29T18:38:13.968+0000] {logging_mixin.py:115} INFO - Success INSERT
[2025-08-29T18:38:13.983+0000] {python.py:173} INFO - Done. Returned value was: None
[2025-08-29T18:38:14.186+0000] {taskinstance.py:1412} INFO - Marking task as SUCCESS. dag_id=etl_P2M3_muhammad_al_ghifari, task_id=extract, execution_date=20241102T021000, start_date=20250829T183812, end_date=20250829T183814
[2025-08-29T18:38:14.256+0000] {local_task_job.py:156} INFO - Task exited with return code 0
[2025-08-29T18:38:14.653+0000] {local_task_job.py:279} INFO - 0 downstream tasks scheduled from follow-on schedule check
