[2025-08-30T06:12:47.255+0000] {taskinstance.py:1171} INFO - Dependencies all met for <TaskInstance: etl_P2M3_muhammad_al_ghifari.extract manual__2025-08-30T06:12:44.691089+00:00 [queued]>
[2025-08-30T06:12:47.262+0000] {taskinstance.py:1171} INFO - Dependencies all met for <TaskInstance: etl_P2M3_muhammad_al_ghifari.extract manual__2025-08-30T06:12:44.691089+00:00 [queued]>
[2025-08-30T06:12:47.264+0000] {taskinstance.py:1368} INFO - 
--------------------------------------------------------------------------------
[2025-08-30T06:12:47.264+0000] {taskinstance.py:1369} INFO - Starting attempt 1 of 1
[2025-08-30T06:12:47.264+0000] {taskinstance.py:1370} INFO - 
--------------------------------------------------------------------------------
[2025-08-30T06:12:47.279+0000] {taskinstance.py:1389} INFO - Executing <Task(_PythonDecoratedOperator): extract> on 2025-08-30 06:12:44.691089+00:00
[2025-08-30T06:12:47.287+0000] {standard_task_runner.py:52} INFO - Started process 218 to run task
[2025-08-30T06:12:47.298+0000] {standard_task_runner.py:79} INFO - Running: ['***', 'tasks', 'run', 'etl_P2M3_muhammad_al_ghifari', 'extract', 'manual__2025-08-30T06:12:44.691089+00:00', '--job-id', '295', '--raw', '--subdir', 'DAGS_FOLDER/P2M3_muhammad_al_ghifari_DAG.py', '--cfg-path', '/tmp/tmpeexpnp7e', '--error-file', '/tmp/tmpdn3ncmx0']
[2025-08-30T06:12:47.302+0000] {standard_task_runner.py:80} INFO - Job 295: Subtask extract
[2025-08-30T06:12:47.415+0000] {task_command.py:371} INFO - Running <TaskInstance: etl_P2M3_muhammad_al_ghifari.extract manual__2025-08-30T06:12:44.691089+00:00 [running]> on host 5d6b1c2cab16
[2025-08-30T06:12:47.488+0000] {taskinstance.py:1583} INFO - Exporting the following env vars:
AIRFLOW_CTX_DAG_OWNER=Muhammad Al Ghifari
AIRFLOW_CTX_DAG_ID=etl_P2M3_muhammad_al_ghifari
AIRFLOW_CTX_TASK_ID=extract
AIRFLOW_CTX_EXECUTION_DATE=2025-08-30T06:12:44.691089+00:00
AIRFLOW_CTX_TRY_NUMBER=1
AIRFLOW_CTX_DAG_RUN_ID=manual__2025-08-30T06:12:44.691089+00:00
[2025-08-30T06:12:47.543+0000] {logging_mixin.py:115} INFO - Success INSERT
[2025-08-30T06:12:47.543+0000] {python.py:173} INFO - Done. Returned value was: None
[2025-08-30T06:12:47.553+0000] {taskinstance.py:1412} INFO - Marking task as SUCCESS. dag_id=etl_P2M3_muhammad_al_ghifari, task_id=extract, execution_date=20250830T061244, start_date=20250830T061247, end_date=20250830T061247
[2025-08-30T06:12:47.603+0000] {local_task_job.py:156} INFO - Task exited with return code 0
[2025-08-30T06:12:47.652+0000] {local_task_job.py:279} INFO - 1 downstream tasks scheduled from follow-on schedule check
