[2025-08-29T18:40:23.976+0000] {taskinstance.py:1171} INFO - Dependencies all met for <TaskInstance: etl_P2M3_muhammad_al_ghifari.extract scheduled__2025-02-15T02:30:00+00:00 [queued]>
[2025-08-29T18:40:24.180+0000] {taskinstance.py:1171} INFO - Dependencies all met for <TaskInstance: etl_P2M3_muhammad_al_ghifari.extract scheduled__2025-02-15T02:30:00+00:00 [queued]>
[2025-08-29T18:40:24.191+0000] {taskinstance.py:1368} INFO - 
--------------------------------------------------------------------------------
[2025-08-29T18:40:24.193+0000] {taskinstance.py:1369} INFO - Starting attempt 1 of 1
[2025-08-29T18:40:24.195+0000] {taskinstance.py:1370} INFO - 
--------------------------------------------------------------------------------
[2025-08-29T18:40:24.463+0000] {taskinstance.py:1389} INFO - Executing <Task(_PythonDecoratedOperator): extract> on 2025-02-15 02:30:00+00:00
[2025-08-29T18:40:24.486+0000] {standard_task_runner.py:52} INFO - Started process 565 to run task
[2025-08-29T18:40:24.505+0000] {standard_task_runner.py:79} INFO - Running: ['***', 'tasks', 'run', 'etl_P2M3_muhammad_al_ghifari', 'extract', 'scheduled__2025-02-15T02:30:00+00:00', '--job-id', '97', '--raw', '--subdir', 'DAGS_FOLDER/P2M3_muhammad_al_ghifari_DAG.py', '--cfg-path', '/tmp/tmpdsjkfib1', '--error-file', '/tmp/tmpn4jcko9w']
[2025-08-29T18:40:24.512+0000] {standard_task_runner.py:80} INFO - Job 97: Subtask extract
[2025-08-29T18:40:25.153+0000] {task_command.py:371} INFO - Running <TaskInstance: etl_P2M3_muhammad_al_ghifari.extract scheduled__2025-02-15T02:30:00+00:00 [running]> on host 30531155033d
[2025-08-29T18:40:26.198+0000] {taskinstance.py:1583} INFO - Exporting the following env vars:
AIRFLOW_CTX_DAG_OWNER=Muhammad Al Ghifari
AIRFLOW_CTX_DAG_ID=etl_P2M3_muhammad_al_ghifari
AIRFLOW_CTX_TASK_ID=extract
AIRFLOW_CTX_EXECUTION_DATE=2025-02-15T02:30:00+00:00
AIRFLOW_CTX_TRY_NUMBER=1
AIRFLOW_CTX_DAG_RUN_ID=scheduled__2025-02-15T02:30:00+00:00
[2025-08-29T18:40:26.809+0000] {logging_mixin.py:115} INFO - Success INSERT
[2025-08-29T18:40:26.821+0000] {python.py:173} INFO - Done. Returned value was: None
[2025-08-29T18:40:26.986+0000] {taskinstance.py:1412} INFO - Marking task as SUCCESS. dag_id=etl_P2M3_muhammad_al_ghifari, task_id=extract, execution_date=20250215T023000, start_date=20250829T184024, end_date=20250829T184026
[2025-08-29T18:40:27.146+0000] {local_task_job.py:156} INFO - Task exited with return code 0
[2025-08-29T18:40:30.285+0000] {local_task_job.py:279} INFO - 0 downstream tasks scheduled from follow-on schedule check
