[2025-08-29T18:50:09.783+0000] {taskinstance.py:1171} INFO - Dependencies all met for <TaskInstance: etl_P2M3_muhammad_al_ghifari.extract scheduled__2025-07-12T02:30:00+00:00 [queued]>
[2025-08-29T18:50:10.437+0000] {taskinstance.py:1171} INFO - Dependencies all met for <TaskInstance: etl_P2M3_muhammad_al_ghifari.extract scheduled__2025-07-12T02:30:00+00:00 [queued]>
[2025-08-29T18:50:10.486+0000] {taskinstance.py:1368} INFO - 
--------------------------------------------------------------------------------
[2025-08-29T18:50:10.490+0000] {taskinstance.py:1369} INFO - Starting attempt 1 of 1
[2025-08-29T18:50:10.529+0000] {taskinstance.py:1370} INFO - 
--------------------------------------------------------------------------------
[2025-08-29T18:50:11.895+0000] {taskinstance.py:1389} INFO - Executing <Task(_PythonDecoratedOperator): extract> on 2025-07-12 02:30:00+00:00
[2025-08-29T18:50:12.382+0000] {standard_task_runner.py:52} INFO - Started process 430 to run task
[2025-08-29T18:50:12.423+0000] {standard_task_runner.py:79} INFO - Running: ['***', 'tasks', 'run', 'etl_P2M3_muhammad_al_ghifari', 'extract', 'scheduled__2025-07-12T02:30:00+00:00', '--job-id', '236', '--raw', '--subdir', 'DAGS_FOLDER/P2M3_muhammad_al_ghifari_DAG.py', '--cfg-path', '/tmp/tmp9givd8gw', '--error-file', '/tmp/tmpfdvsegxk']
[2025-08-29T18:50:12.441+0000] {standard_task_runner.py:80} INFO - Job 236: Subtask extract
[2025-08-29T18:50:15.651+0000] {task_command.py:371} INFO - Running <TaskInstance: etl_P2M3_muhammad_al_ghifari.extract scheduled__2025-07-12T02:30:00+00:00 [running]> on host b40c5a90b1e4
[2025-08-29T18:50:20.475+0000] {taskinstance.py:1583} INFO - Exporting the following env vars:
AIRFLOW_CTX_DAG_OWNER=Muhammad Al Ghifari
AIRFLOW_CTX_DAG_ID=etl_P2M3_muhammad_al_ghifari
AIRFLOW_CTX_TASK_ID=extract
AIRFLOW_CTX_EXECUTION_DATE=2025-07-12T02:30:00+00:00
AIRFLOW_CTX_TRY_NUMBER=1
AIRFLOW_CTX_DAG_RUN_ID=scheduled__2025-07-12T02:30:00+00:00
[2025-08-29T18:50:23.543+0000] {logging_mixin.py:115} INFO - Success INSERT
[2025-08-29T18:50:23.656+0000] {python.py:173} INFO - Done. Returned value was: None
[2025-08-29T18:50:24.223+0000] {taskinstance.py:1412} INFO - Marking task as SUCCESS. dag_id=etl_P2M3_muhammad_al_ghifari, task_id=extract, execution_date=20250712T023000, start_date=20250829T185009, end_date=20250829T185024
[2025-08-29T18:50:26.138+0000] {local_task_job.py:156} INFO - Task exited with return code 0
[2025-08-29T18:50:27.917+0000] {local_task_job.py:279} INFO - 0 downstream tasks scheduled from follow-on schedule check
