[2025-08-29T19:03:33.418+0000] {taskinstance.py:1171} INFO - Dependencies all met for <TaskInstance: etl_P2M3_muhammad_al_ghifari.extract scheduled__2025-08-23T02:20:00+00:00 [queued]>
[2025-08-29T19:03:33.568+0000] {taskinstance.py:1171} INFO - Dependencies all met for <TaskInstance: etl_P2M3_muhammad_al_ghifari.extract scheduled__2025-08-23T02:20:00+00:00 [queued]>
[2025-08-29T19:03:33.580+0000] {taskinstance.py:1368} INFO - 
--------------------------------------------------------------------------------
[2025-08-29T19:03:33.584+0000] {taskinstance.py:1369} INFO - Starting attempt 1 of 1
[2025-08-29T19:03:33.586+0000] {taskinstance.py:1370} INFO - 
--------------------------------------------------------------------------------
[2025-08-29T19:03:33.958+0000] {taskinstance.py:1389} INFO - Executing <Task(_PythonDecoratedOperator): extract> on 2025-08-23 02:20:00+00:00
[2025-08-29T19:03:34.150+0000] {standard_task_runner.py:52} INFO - Started process 274 to run task
[2025-08-29T19:03:34.301+0000] {standard_task_runner.py:79} INFO - Running: ['***', 'tasks', 'run', 'etl_P2M3_muhammad_al_ghifari', 'extract', 'scheduled__2025-08-23T02:20:00+00:00', '--job-id', '270', '--raw', '--subdir', 'DAGS_FOLDER/P2M3_muhammad_al_ghifari_DAG.py', '--cfg-path', '/tmp/tmpvze5f14d', '--error-file', '/tmp/tmptikhj1v5']
[2025-08-29T19:03:34.354+0000] {standard_task_runner.py:80} INFO - Job 270: Subtask extract
[2025-08-29T19:03:37.402+0000] {task_command.py:371} INFO - Running <TaskInstance: etl_P2M3_muhammad_al_ghifari.extract scheduled__2025-08-23T02:20:00+00:00 [running]> on host dfc6b3a208a1
[2025-08-29T19:03:41.303+0000] {taskinstance.py:1583} INFO - Exporting the following env vars:
AIRFLOW_CTX_DAG_OWNER=Muhammad Al Ghifari
AIRFLOW_CTX_DAG_ID=etl_P2M3_muhammad_al_ghifari
AIRFLOW_CTX_TASK_ID=extract
AIRFLOW_CTX_EXECUTION_DATE=2025-08-23T02:20:00+00:00
AIRFLOW_CTX_TRY_NUMBER=1
AIRFLOW_CTX_DAG_RUN_ID=scheduled__2025-08-23T02:20:00+00:00
[2025-08-29T19:03:42.018+0000] {logging_mixin.py:115} INFO - Success INSERT
[2025-08-29T19:03:42.072+0000] {python.py:173} INFO - Done. Returned value was: None
[2025-08-29T19:03:42.715+0000] {taskinstance.py:1412} INFO - Marking task as SUCCESS. dag_id=etl_P2M3_muhammad_al_ghifari, task_id=extract, execution_date=20250823T022000, start_date=20250829T190333, end_date=20250829T190342
[2025-08-29T19:03:43.231+0000] {local_task_job.py:84} ERROR - Received SIGTERM. Terminating subprocesses
[2025-08-29T19:03:43.311+0000] {local_task_job.py:156} INFO - Task exited with return code 143
[2025-08-29T19:03:45.444+0000] {local_task_job.py:279} INFO - 1 downstream tasks scheduled from follow-on schedule check
[2025-08-29T19:03:43.104+0000] {local_task_job.py:156} INFO - Task exited with return code 0
[2025-08-29T19:03:45.771+0000] {local_task_job.py:279} INFO - 0 downstream tasks scheduled from follow-on schedule check
