[2025-08-30T18:49:20.170+0000] {taskinstance.py:1171} INFO - Dependencies all met for <TaskInstance: ETL_P2M3_muhammad_al_ghifari.extract manual__2025-08-30T18:49:18.766133+00:00 [queued]>
[2025-08-30T18:49:20.175+0000] {taskinstance.py:1171} INFO - Dependencies all met for <TaskInstance: ETL_P2M3_muhammad_al_ghifari.extract manual__2025-08-30T18:49:18.766133+00:00 [queued]>
[2025-08-30T18:49:20.175+0000] {taskinstance.py:1368} INFO - 
--------------------------------------------------------------------------------
[2025-08-30T18:49:20.175+0000] {taskinstance.py:1369} INFO - Starting attempt 1 of 1
[2025-08-30T18:49:20.175+0000] {taskinstance.py:1370} INFO - 
--------------------------------------------------------------------------------
[2025-08-30T18:49:20.182+0000] {taskinstance.py:1389} INFO - Executing <Task(_PythonDecoratedOperator): extract> on 2025-08-30 18:49:18.766133+00:00
[2025-08-30T18:49:20.185+0000] {standard_task_runner.py:52} INFO - Started process 215 to run task
[2025-08-30T18:49:20.187+0000] {standard_task_runner.py:79} INFO - Running: ['***', 'tasks', 'run', 'ETL_P2M3_muhammad_al_ghifari', 'extract', 'manual__2025-08-30T18:49:18.766133+00:00', '--job-id', '327', '--raw', '--subdir', 'DAGS_FOLDER/P2M3_muhammad_al_ghifari_DAG.py', '--cfg-path', '/tmp/tmpi8jbv9w2', '--error-file', '/tmp/tmp91bnvjgq']
[2025-08-30T18:49:20.188+0000] {standard_task_runner.py:80} INFO - Job 327: Subtask extract
[2025-08-30T18:49:20.258+0000] {task_command.py:371} INFO - Running <TaskInstance: ETL_P2M3_muhammad_al_ghifari.extract manual__2025-08-30T18:49:18.766133+00:00 [running]> on host e7567562541e
[2025-08-30T18:49:20.332+0000] {taskinstance.py:1583} INFO - Exporting the following env vars:
AIRFLOW_CTX_DAG_OWNER=Muhammad Al Ghifari
AIRFLOW_CTX_DAG_ID=ETL_P2M3_muhammad_al_ghifari
AIRFLOW_CTX_TASK_ID=extract
AIRFLOW_CTX_EXECUTION_DATE=2025-08-30T18:49:18.766133+00:00
AIRFLOW_CTX_TRY_NUMBER=1
AIRFLOW_CTX_DAG_RUN_ID=manual__2025-08-30T18:49:18.766133+00:00
[2025-08-30T18:49:20.372+0000] {logging_mixin.py:115} INFO - Success INSERT
[2025-08-30T18:49:20.373+0000] {python.py:173} INFO - Done. Returned value was: None
[2025-08-30T18:49:20.386+0000] {taskinstance.py:1412} INFO - Marking task as SUCCESS. dag_id=ETL_P2M3_muhammad_al_ghifari, task_id=extract, execution_date=20250830T184918, start_date=20250830T184920, end_date=20250830T184920
[2025-08-30T18:49:20.409+0000] {local_task_job.py:156} INFO - Task exited with return code 0
[2025-08-30T18:49:20.456+0000] {local_task_job.py:279} INFO - 1 downstream tasks scheduled from follow-on schedule check
