[2025-08-29T18:38:12.241+0000] {taskinstance.py:1171} INFO - Dependencies all met for <TaskInstance: etl_P2M3_muhammad_al_ghifari.extract manual__2025-08-29T18:38:07.974393+00:00 [queued]>
[2025-08-29T18:38:12.289+0000] {taskinstance.py:1171} INFO - Dependencies all met for <TaskInstance: etl_P2M3_muhammad_al_ghifari.extract manual__2025-08-29T18:38:07.974393+00:00 [queued]>
[2025-08-29T18:38:12.297+0000] {taskinstance.py:1368} INFO - 
--------------------------------------------------------------------------------
[2025-08-29T18:38:12.298+0000] {taskinstance.py:1369} INFO - Starting attempt 1 of 1
[2025-08-29T18:38:12.298+0000] {taskinstance.py:1370} INFO - 
--------------------------------------------------------------------------------
[2025-08-29T18:38:12.387+0000] {taskinstance.py:1389} INFO - Executing <Task(_PythonDecoratedOperator): extract> on 2025-08-29 18:38:07.974393+00:00
[2025-08-29T18:38:12.437+0000] {standard_task_runner.py:52} INFO - Started process 272 to run task
[2025-08-29T18:38:12.451+0000] {standard_task_runner.py:79} INFO - Running: ['***', 'tasks', 'run', 'etl_P2M3_muhammad_al_ghifari', 'extract', 'manual__2025-08-29T18:38:07.974393+00:00', '--job-id', '7', '--raw', '--subdir', 'DAGS_FOLDER/P2M3_muhammad_al_ghifari_DAG.py', '--cfg-path', '/tmp/tmp3rjngg7m', '--error-file', '/tmp/tmp5xxoif_g']
[2025-08-29T18:38:12.464+0000] {standard_task_runner.py:80} INFO - Job 7: Subtask extract
[2025-08-29T18:38:12.902+0000] {task_command.py:371} INFO - Running <TaskInstance: etl_P2M3_muhammad_al_ghifari.extract manual__2025-08-29T18:38:07.974393+00:00 [running]> on host 30531155033d
[2025-08-29T18:38:13.389+0000] {taskinstance.py:1583} INFO - Exporting the following env vars:
AIRFLOW_CTX_DAG_OWNER=Muhammad Al Ghifari
AIRFLOW_CTX_DAG_ID=etl_P2M3_muhammad_al_ghifari
AIRFLOW_CTX_TASK_ID=extract
AIRFLOW_CTX_EXECUTION_DATE=2025-08-29T18:38:07.974393+00:00
AIRFLOW_CTX_TRY_NUMBER=1
AIRFLOW_CTX_DAG_RUN_ID=manual__2025-08-29T18:38:07.974393+00:00
[2025-08-29T18:38:13.959+0000] {logging_mixin.py:115} INFO - Success INSERT
[2025-08-29T18:38:13.977+0000] {python.py:173} INFO - Done. Returned value was: None
[2025-08-29T18:38:14.189+0000] {taskinstance.py:1412} INFO - Marking task as SUCCESS. dag_id=etl_P2M3_muhammad_al_ghifari, task_id=extract, execution_date=20250829T183807, start_date=20250829T183812, end_date=20250829T183814
[2025-08-29T18:38:14.280+0000] {local_task_job.py:156} INFO - Task exited with return code 0
[2025-08-29T18:38:14.632+0000] {local_task_job.py:279} INFO - 0 downstream tasks scheduled from follow-on schedule check
