[2025-08-29T18:49:40.088+0000] {taskinstance.py:1171} INFO - Dependencies all met for <TaskInstance: etl_P2M3_muhammad_al_ghifari.extract scheduled__2025-06-28T02:20:00+00:00 [queued]>
[2025-08-29T18:49:40.477+0000] {taskinstance.py:1171} INFO - Dependencies all met for <TaskInstance: etl_P2M3_muhammad_al_ghifari.extract scheduled__2025-06-28T02:20:00+00:00 [queued]>
[2025-08-29T18:49:40.481+0000] {taskinstance.py:1368} INFO - 
--------------------------------------------------------------------------------
[2025-08-29T18:49:40.482+0000] {taskinstance.py:1369} INFO - Starting attempt 1 of 1
[2025-08-29T18:49:40.486+0000] {taskinstance.py:1370} INFO - 
--------------------------------------------------------------------------------
[2025-08-29T18:49:40.778+0000] {taskinstance.py:1389} INFO - Executing <Task(_PythonDecoratedOperator): extract> on 2025-06-28 02:20:00+00:00
[2025-08-29T18:49:40.869+0000] {standard_task_runner.py:52} INFO - Started process 392 to run task
[2025-08-29T18:49:41.066+0000] {standard_task_runner.py:79} INFO - Running: ['***', 'tasks', 'run', 'etl_P2M3_muhammad_al_ghifari', 'extract', 'scheduled__2025-06-28T02:20:00+00:00', '--job-id', '228', '--raw', '--subdir', 'DAGS_FOLDER/P2M3_muhammad_al_ghifari_DAG.py', '--cfg-path', '/tmp/tmpb60c736i', '--error-file', '/tmp/tmpm6kgc32m']
[2025-08-29T18:49:41.106+0000] {standard_task_runner.py:80} INFO - Job 228: Subtask extract
[2025-08-29T18:49:42.004+0000] {task_command.py:371} INFO - Running <TaskInstance: etl_P2M3_muhammad_al_ghifari.extract scheduled__2025-06-28T02:20:00+00:00 [running]> on host b40c5a90b1e4
[2025-08-29T18:49:43.730+0000] {taskinstance.py:1583} INFO - Exporting the following env vars:
AIRFLOW_CTX_DAG_OWNER=Muhammad Al Ghifari
AIRFLOW_CTX_DAG_ID=etl_P2M3_muhammad_al_ghifari
AIRFLOW_CTX_TASK_ID=extract
AIRFLOW_CTX_EXECUTION_DATE=2025-06-28T02:20:00+00:00
AIRFLOW_CTX_TRY_NUMBER=1
AIRFLOW_CTX_DAG_RUN_ID=scheduled__2025-06-28T02:20:00+00:00
[2025-08-29T18:49:45.310+0000] {logging_mixin.py:115} INFO - Success INSERT
[2025-08-29T18:49:45.542+0000] {python.py:173} INFO - Done. Returned value was: None
[2025-08-29T18:49:47.207+0000] {taskinstance.py:1412} INFO - Marking task as SUCCESS. dag_id=etl_P2M3_muhammad_al_ghifari, task_id=extract, execution_date=20250628T022000, start_date=20250829T184940, end_date=20250829T184947
[2025-08-29T18:49:47.824+0000] {local_task_job.py:156} INFO - Task exited with return code 0
[2025-08-29T18:49:50.133+0000] {local_task_job.py:279} INFO - 0 downstream tasks scheduled from follow-on schedule check
