[2025-08-29T18:38:26.101+0000] {taskinstance.py:1171} INFO - Dependencies all met for <TaskInstance: etl_P2M3_muhammad_al_ghifari.extract scheduled__2024-11-23T02:20:00+00:00 [queued]>
[2025-08-29T18:38:26.368+0000] {taskinstance.py:1171} INFO - Dependencies all met for <TaskInstance: etl_P2M3_muhammad_al_ghifari.extract scheduled__2024-11-23T02:20:00+00:00 [queued]>
[2025-08-29T18:38:26.372+0000] {taskinstance.py:1368} INFO - 
--------------------------------------------------------------------------------
[2025-08-29T18:38:26.374+0000] {taskinstance.py:1369} INFO - Starting attempt 1 of 1
[2025-08-29T18:38:26.376+0000] {taskinstance.py:1370} INFO - 
--------------------------------------------------------------------------------
[2025-08-29T18:38:26.642+0000] {taskinstance.py:1389} INFO - Executing <Task(_PythonDecoratedOperator): extract> on 2024-11-23 02:20:00+00:00
[2025-08-29T18:38:26.708+0000] {standard_task_runner.py:52} INFO - Started process 301 to run task
[2025-08-29T18:38:26.780+0000] {standard_task_runner.py:79} INFO - Running: ['***', 'tasks', 'run', 'etl_P2M3_muhammad_al_ghifari', 'extract', 'scheduled__2024-11-23T02:20:00+00:00', '--job-id', '12', '--raw', '--subdir', 'DAGS_FOLDER/P2M3_muhammad_al_ghifari_DAG.py', '--cfg-path', '/tmp/tmpsuqxeaoi', '--error-file', '/tmp/tmpte4tso4m']
[2025-08-29T18:38:26.875+0000] {standard_task_runner.py:80} INFO - Job 12: Subtask extract
[2025-08-29T18:38:28.588+0000] {task_command.py:371} INFO - Running <TaskInstance: etl_P2M3_muhammad_al_ghifari.extract scheduled__2024-11-23T02:20:00+00:00 [running]> on host 30531155033d
[2025-08-29T18:38:29.706+0000] {taskinstance.py:1583} INFO - Exporting the following env vars:
AIRFLOW_CTX_DAG_OWNER=Muhammad Al Ghifari
AIRFLOW_CTX_DAG_ID=etl_P2M3_muhammad_al_ghifari
AIRFLOW_CTX_TASK_ID=extract
AIRFLOW_CTX_EXECUTION_DATE=2024-11-23T02:20:00+00:00
AIRFLOW_CTX_TRY_NUMBER=1
AIRFLOW_CTX_DAG_RUN_ID=scheduled__2024-11-23T02:20:00+00:00
[2025-08-29T18:38:30.216+0000] {logging_mixin.py:115} INFO - Success INSERT
[2025-08-29T18:38:30.220+0000] {python.py:173} INFO - Done. Returned value was: None
[2025-08-29T18:38:30.334+0000] {taskinstance.py:1412} INFO - Marking task as SUCCESS. dag_id=etl_P2M3_muhammad_al_ghifari, task_id=extract, execution_date=20241123T022000, start_date=20250829T183826, end_date=20250829T183830
[2025-08-29T18:38:30.523+0000] {local_task_job.py:156} INFO - Task exited with return code 0
[2025-08-29T18:38:31.136+0000] {local_task_job.py:279} INFO - 0 downstream tasks scheduled from follow-on schedule check
