[2025-08-29T18:38:25.594+0000] {taskinstance.py:1171} INFO - Dependencies all met for <TaskInstance: etl_P2M3_muhammad_al_ghifari.extract scheduled__2024-11-16T02:20:00+00:00 [queued]>
[2025-08-29T18:38:25.771+0000] {taskinstance.py:1171} INFO - Dependencies all met for <TaskInstance: etl_P2M3_muhammad_al_ghifari.extract scheduled__2024-11-16T02:20:00+00:00 [queued]>
[2025-08-29T18:38:25.773+0000] {taskinstance.py:1368} INFO - 
--------------------------------------------------------------------------------
[2025-08-29T18:38:25.787+0000] {taskinstance.py:1369} INFO - Starting attempt 1 of 1
[2025-08-29T18:38:25.790+0000] {taskinstance.py:1370} INFO - 
--------------------------------------------------------------------------------
[2025-08-29T18:38:26.364+0000] {taskinstance.py:1389} INFO - Executing <Task(_PythonDecoratedOperator): extract> on 2024-11-16 02:20:00+00:00
[2025-08-29T18:38:26.521+0000] {standard_task_runner.py:52} INFO - Started process 299 to run task
[2025-08-29T18:38:26.563+0000] {standard_task_runner.py:79} INFO - Running: ['***', 'tasks', 'run', 'etl_P2M3_muhammad_al_ghifari', 'extract', 'scheduled__2024-11-16T02:20:00+00:00', '--job-id', '11', '--raw', '--subdir', 'DAGS_FOLDER/P2M3_muhammad_al_ghifari_DAG.py', '--cfg-path', '/tmp/tmpnuta2tof', '--error-file', '/tmp/tmpykpsd136']
[2025-08-29T18:38:26.603+0000] {standard_task_runner.py:80} INFO - Job 11: Subtask extract
[2025-08-29T18:38:28.062+0000] {task_command.py:371} INFO - Running <TaskInstance: etl_P2M3_muhammad_al_ghifari.extract scheduled__2024-11-16T02:20:00+00:00 [running]> on host 30531155033d
[2025-08-29T18:38:28.860+0000] {taskinstance.py:1583} INFO - Exporting the following env vars:
AIRFLOW_CTX_DAG_OWNER=Muhammad Al Ghifari
AIRFLOW_CTX_DAG_ID=etl_P2M3_muhammad_al_ghifari
AIRFLOW_CTX_TASK_ID=extract
AIRFLOW_CTX_EXECUTION_DATE=2024-11-16T02:20:00+00:00
AIRFLOW_CTX_TRY_NUMBER=1
AIRFLOW_CTX_DAG_RUN_ID=scheduled__2024-11-16T02:20:00+00:00
[2025-08-29T18:38:29.877+0000] {logging_mixin.py:115} INFO - Success INSERT
[2025-08-29T18:38:29.898+0000] {python.py:173} INFO - Done. Returned value was: None
[2025-08-29T18:38:30.373+0000] {taskinstance.py:1412} INFO - Marking task as SUCCESS. dag_id=etl_P2M3_muhammad_al_ghifari, task_id=extract, execution_date=20241116T022000, start_date=20250829T183825, end_date=20250829T183830
[2025-08-29T18:38:30.542+0000] {local_task_job.py:156} INFO - Task exited with return code 0
[2025-08-29T18:38:31.213+0000] {local_task_job.py:279} INFO - 0 downstream tasks scheduled from follow-on schedule check
