[2025-08-29T18:41:07.998+0000] {taskinstance.py:1171} INFO - Dependencies all met for <TaskInstance: etl_P2M3_muhammad_al_ghifari.extract scheduled__2025-03-15T02:10:00+00:00 [queued]>
[2025-08-29T18:41:08.136+0000] {taskinstance.py:1171} INFO - Dependencies all met for <TaskInstance: etl_P2M3_muhammad_al_ghifari.extract scheduled__2025-03-15T02:10:00+00:00 [queued]>
[2025-08-29T18:41:08.144+0000] {taskinstance.py:1368} INFO - 
--------------------------------------------------------------------------------
[2025-08-29T18:41:08.150+0000] {taskinstance.py:1369} INFO - Starting attempt 1 of 1
[2025-08-29T18:41:08.153+0000] {taskinstance.py:1370} INFO - 
--------------------------------------------------------------------------------
[2025-08-29T18:41:08.453+0000] {taskinstance.py:1389} INFO - Executing <Task(_PythonDecoratedOperator): extract> on 2025-03-15 02:10:00+00:00
[2025-08-29T18:41:08.521+0000] {standard_task_runner.py:52} INFO - Started process 623 to run task
[2025-08-29T18:41:08.565+0000] {standard_task_runner.py:79} INFO - Running: ['***', 'tasks', 'run', 'etl_P2M3_muhammad_al_ghifari', 'extract', 'scheduled__2025-03-15T02:10:00+00:00', '--job-id', '117', '--raw', '--subdir', 'DAGS_FOLDER/P2M3_muhammad_al_ghifari_DAG.py', '--cfg-path', '/tmp/tmp4yhdx4i3', '--error-file', '/tmp/tmpxps0fdk5']
[2025-08-29T18:41:08.587+0000] {standard_task_runner.py:80} INFO - Job 117: Subtask extract
[2025-08-29T18:41:09.973+0000] {task_command.py:371} INFO - Running <TaskInstance: etl_P2M3_muhammad_al_ghifari.extract scheduled__2025-03-15T02:10:00+00:00 [running]> on host 30531155033d
[2025-08-29T18:41:12.507+0000] {taskinstance.py:1583} INFO - Exporting the following env vars:
AIRFLOW_CTX_DAG_OWNER=Muhammad Al Ghifari
AIRFLOW_CTX_DAG_ID=etl_P2M3_muhammad_al_ghifari
AIRFLOW_CTX_TASK_ID=extract
AIRFLOW_CTX_EXECUTION_DATE=2025-03-15T02:10:00+00:00
AIRFLOW_CTX_TRY_NUMBER=1
AIRFLOW_CTX_DAG_RUN_ID=scheduled__2025-03-15T02:10:00+00:00
[2025-08-29T18:41:14.827+0000] {logging_mixin.py:115} INFO - Success INSERT
[2025-08-29T18:41:14.915+0000] {python.py:173} INFO - Done. Returned value was: None
[2025-08-29T18:41:15.897+0000] {taskinstance.py:1412} INFO - Marking task as SUCCESS. dag_id=etl_P2M3_muhammad_al_ghifari, task_id=extract, execution_date=20250315T021000, start_date=20250829T184108, end_date=20250829T184115
[2025-08-29T18:41:17.052+0000] {local_task_job.py:156} INFO - Task exited with return code 0
[2025-08-29T18:41:23.265+0000] {local_task_job.py:279} INFO - 0 downstream tasks scheduled from follow-on schedule check
